Started GET "/api/v1/products" for 127.0.0.1 at 2022-01-28 22:42:16 -0300
  [1m[35m (2.7ms)[0m  [1m[34mSELECT "schema_migrations"."version" FROM "schema_migrations" ORDER BY "schema_migrations"."version" ASC[0m
Processing by Api::V1::ProductsController#index as */*
  [1m[36mProduct Load (3.9ms)[0m  [1m[34mSELECT "products".* FROM "products"[0m
  ↳ app/controllers/api/v1/products_controller.rb:8:in `index'
[active_model_serializers] Rendered ActiveModel::Serializer::CollectionSerializer with ActiveModelSerializers::Adapter::Attributes (2.54ms)
Completed 200 OK in 33ms (Views: 12.3ms | ActiveRecord: 9.8ms | Allocations: 16129)


Started GET "/api/v1/products_of_carts" for 127.0.0.1 at 2022-01-28 22:43:38 -0300
Processing by Api::V1::ProductsOfCartsController#index as */*
  [1m[36mProductsOfCart Load (1.4ms)[0m  [1m[34mSELECT "products_of_carts".* FROM "products_of_carts"[0m
  ↳ app/controllers/api/v1/products_of_carts_controller.rb:7:in `index'
[active_model_serializers] Rendered ActiveModel::Serializer::CollectionSerializer with ActiveModelSerializers::Adapter::Attributes (1.18ms)
Completed 200 OK in 24ms (Views: 9.1ms | ActiveRecord: 4.0ms | Allocations: 7228)


Started PUT "/api/v1/products_of_carts/1" for 127.0.0.1 at 2022-01-28 22:52:34 -0300
Processing by Api::V1::ProductsOfCartsController#update as */*
  Parameters: {"data"=>{"attributes"=>{"product_id"=>9, "price"=>999.2, "pay_type"=>"Dinheiro"}}, "id"=>"1", "products_of_cart"=>{}}
  [1m[36mProductsOfCart Load (0.5ms)[0m  [1m[34mSELECT "products_of_carts".* FROM "products_of_carts" WHERE "products_of_carts"."id" = $1 LIMIT $2[0m  [["id", 1], ["LIMIT", 1]]
  ↳ app/controllers/api/v1/products_of_carts_controller.rb:56:in `set_products_of_cart'
  [1m[36mStock Load (1.1ms)[0m  [1m[34mSELECT "stocks".* FROM "stocks" WHERE "stocks"."product_id" = $1 LIMIT $2[0m  [["product_id", 5], ["LIMIT", 1]]
  ↳ app/controllers/api/v1/products_of_carts_controller.rb:48:in `check_availability'
Completed 500 Internal Server Error in 83803ms (ActiveRecord: 7.0ms | Allocations: 73543)


  
ActiveModel::UnknownAttributeError (unknown attribute 'price' for ProductsOfCart.):
  
app/controllers/api/v1/products_of_carts_controller.rb:32:in `update'
Started PUT "/api/v1/products_of_carts/1" for 127.0.0.1 at 2022-01-28 22:54:52 -0300
Error occurred while parsing request parameters.
Contents:

{
    "data": {
        "attributes": {
            "product_id": 5,
            "length_product": 2,
            "shopping_cart_id": 4,
            "price_for_product": 74.29,
            "off_for_product": 0.1,
        }
    }
}
Processing by Api::V1::ProductsOfCartsController#update as */*
Completed 400 Bad Request in 0ms (ActiveRecord: 0.0ms | Allocations: 107)


  
ActionDispatch::Http::Parameters::ParseError (767: unexpected token at '{
    "data": {
        "attributes": {
            "product_id": 5,
            "length_product": 2,
            "shopping_cart_id": 4,
            "price_for_product": 74.29,
            "off_for_product": 0.1,
        }
    }
}'):
  
app/controllers/api/v1/products_of_carts_controller.rb:56:in `set_products_of_cart'
Started PUT "/api/v1/products_of_carts/1" for 127.0.0.1 at 2022-01-28 22:55:10 -0300
Error occurred while parsing request parameters.
Contents:

{
    "data": {
        "attributes": {
            "product_id": 5,
            "length_product": 2,
            "shopping_cart_id": 4,
            "price_for_product": 74.29,
            "off_for_product": 0.1,
        }
    }
}
Processing by Api::V1::ProductsOfCartsController#update as */*
Completed 400 Bad Request in 0ms (ActiveRecord: 0.0ms | Allocations: 107)


  
ActionDispatch::Http::Parameters::ParseError (767: unexpected token at '{
    "data": {
        "attributes": {
            "product_id": 5,
            "length_product": 2,
            "shopping_cart_id": 4,
            "price_for_product": 74.29,
            "off_for_product": 0.1,
        }
    }
}'):
  
app/controllers/api/v1/products_of_carts_controller.rb:56:in `set_products_of_cart'
Started PUT "/api/v1/products_of_carts/1" for 127.0.0.1 at 2022-01-28 22:55:24 -0300
Processing by Api::V1::ProductsOfCartsController#update as */*
  Parameters: {"data"=>{"attributes"=>{"product_id"=>5, "length_product"=>2, "shopping_cart_id"=>4, "price_for_product"=>74.29, "off_for_product"=>0.1}}, "id"=>"1", "products_of_cart"=>{}}
  [1m[36mProductsOfCart Load (0.4ms)[0m  [1m[34mSELECT "products_of_carts".* FROM "products_of_carts" WHERE "products_of_carts"."id" = $1 LIMIT $2[0m  [["id", 1], ["LIMIT", 1]]
  ↳ app/controllers/api/v1/products_of_carts_controller.rb:56:in `set_products_of_cart'
  [1m[36mStock Load (0.3ms)[0m  [1m[34mSELECT "stocks".* FROM "stocks" WHERE "stocks"."product_id" = $1 LIMIT $2[0m  [["product_id", 5], ["LIMIT", 1]]
  ↳ app/controllers/api/v1/products_of_carts_controller.rb:48:in `check_availability'
  [1m[36mTRANSACTION (0.2ms)[0m  [1m[35mBEGIN[0m
  ↳ app/controllers/api/v1/products_of_carts_controller.rb:32:in `update'
  [1m[36mProduct Load (0.3ms)[0m  [1m[34mSELECT "products".* FROM "products" WHERE "products"."id" = $1 LIMIT $2[0m  [["id", 5], ["LIMIT", 1]]
  ↳ app/controllers/api/v1/products_of_carts_controller.rb:32:in `update'
  [1m[36mProductsOfCart Update (1.8ms)[0m  [1m[33mUPDATE "products_of_carts" SET "length_product" = $1, "price_for_product" = $2, "updated_at" = $3 WHERE "products_of_carts"."id" = $4[0m  [["length_product", 2], ["price_for_product", 74.29], ["updated_at", "2022-01-29 01:55:24.427565"], ["id", 1]]
  ↳ app/controllers/api/v1/products_of_carts_controller.rb:32:in `update'
  [1m[36mTRANSACTION (0.9ms)[0m  [1m[35mCOMMIT[0m
  ↳ app/controllers/api/v1/products_of_carts_controller.rb:32:in `update'
[active_model_serializers] Rendered ProductsOfCartSerializer with ActiveModelSerializers::Adapter::Attributes (0.44ms)
Completed 201 Created in 53ms (Views: 1.5ms | ActiveRecord: 3.8ms | Allocations: 15954)


Started PUT "/api/v1/products_of_carts/1" for 127.0.0.1 at 2022-01-28 22:56:32 -0300
Processing by Api::V1::ProductsOfCartsController#update as */*
  Parameters: {"data"=>{"attributes"=>{"product_id"=>5, "length_product"=>2, "shopping_cart_id"=>4, "price_for_product"=>74.29, "off_for_product"=>0.1}}, "id"=>"1", "products_of_cart"=>{}}
  [1m[36mProductsOfCart Load (0.3ms)[0m  [1m[34mSELECT "products_of_carts".* FROM "products_of_carts" WHERE "products_of_carts"."id" = $1 LIMIT $2[0m  [["id", 1], ["LIMIT", 1]]
  ↳ app/controllers/api/v1/products_of_carts_controller.rb:56:in `set_products_of_cart'
  [1m[36mStock Load (0.3ms)[0m  [1m[34mSELECT "stocks".* FROM "stocks" WHERE "stocks"."product_id" = $1 LIMIT $2[0m  [["product_id", 5], ["LIMIT", 1]]
  ↳ app/controllers/api/v1/products_of_carts_controller.rb:48:in `check_availability'
  [1m[36mCACHE Stock Load (0.0ms)[0m  [1m[34mSELECT "stocks".* FROM "stocks" WHERE "stocks"."product_id" = $1 LIMIT $2[0m  [["product_id", 5], ["LIMIT", 1]]
  ↳ (byebug):1:in `check_availability'
  [1m[36mStock Load (0.5ms)[0m  [1m[34mSELECT "stocks".* FROM "stocks" WHERE "stocks"."product_id" = $1 /* loading for inspect */ LIMIT $2[0m  [["product_id", 5], ["LIMIT", 11]]
  ↳ app/controllers/api/v1/products_of_carts_controller.rb:50:in `check_availability'
  [1m[36mTRANSACTION (0.2ms)[0m  [1m[35mBEGIN[0m
  ↳ app/controllers/api/v1/products_of_carts_controller.rb:32:in `update'
  [1m[36mProduct Load (0.5ms)[0m  [1m[34mSELECT "products".* FROM "products" WHERE "products"."id" = $1 LIMIT $2[0m  [["id", 5], ["LIMIT", 1]]
  ↳ app/controllers/api/v1/products_of_carts_controller.rb:32:in `update'
  [1m[36mTRANSACTION (0.2ms)[0m  [1m[35mCOMMIT[0m
  ↳ app/controllers/api/v1/products_of_carts_controller.rb:32:in `update'
[active_model_serializers] Rendered ProductsOfCartSerializer with ActiveModelSerializers::Adapter::Attributes (0.5ms)
Completed 201 Created in 52022ms (Views: 1.4ms | ActiveRecord: 8.2ms | Allocations: 19495)


Started GET "/api/v1/stocks" for 127.0.0.1 at 2022-01-28 22:57:42 -0300
Processing by Api::V1::StocksController#index as */*
  [1m[36mStock Load (0.2ms)[0m  [1m[34mSELECT "stocks".* FROM "stocks"[0m
  ↳ app/controllers/api/v1/stocks_controller.rb:8:in `index'
[active_model_serializers] Rendered ActiveModel::Serializer::CollectionSerializer with ActiveModelSerializers::Adapter::Attributes (0.09ms)
Completed 200 OK in 2ms (Views: 2.0ms | ActiveRecord: 0.2ms | Allocations: 784)


Started POST "/api/v1/stocks" for 127.0.0.1 at 2022-01-28 22:58:02 -0300
Processing by Api::V1::StocksController#create as */*
  Parameters: {"data"=>{"attributes"=>{"product_id"=>5, "avaliable"=>4, "reserved"=>1}}, "stock"=>{}}
  [1m[36mTRANSACTION (0.2ms)[0m  [1m[35mBEGIN[0m
  ↳ app/controllers/api/v1/stocks_controller.rb:24:in `create'
  [1m[36mProduct Load (0.2ms)[0m  [1m[34mSELECT "products".* FROM "products" WHERE "products"."id" = $1 LIMIT $2[0m  [["id", 5], ["LIMIT", 1]]
  ↳ app/controllers/api/v1/stocks_controller.rb:24:in `create'
  [1m[36mStock Create (10.3ms)[0m  [1m[32mINSERT INTO "stocks" ("product_id", "avaliable", "reserved", "created_at", "updated_at") VALUES ($1, $2, $3, $4, $5) RETURNING "id"[0m  [["product_id", 5], ["avaliable", 4], ["reserved", 1], ["created_at", "2022-01-29 01:58:02.050295"], ["updated_at", "2022-01-29 01:58:02.050295"]]
  ↳ app/controllers/api/v1/stocks_controller.rb:24:in `create'
  [1m[36mTRANSACTION (0.6ms)[0m  [1m[35mCOMMIT[0m
  ↳ app/controllers/api/v1/stocks_controller.rb:24:in `create'
[active_model_serializers] Rendered StockSerializer with ActiveModelSerializers::Adapter::Attributes (0.48ms)
Completed 201 Created in 25ms (Views: 4.5ms | ActiveRecord: 13.0ms | Allocations: 7524)


Started PUT "/api/v1/products_of_carts/1" for 127.0.0.1 at 2022-01-28 22:58:16 -0300
Processing by Api::V1::ProductsOfCartsController#update as */*
  Parameters: {"data"=>{"attributes"=>{"product_id"=>5, "length_product"=>2, "shopping_cart_id"=>4, "price_for_product"=>74.29, "off_for_product"=>0.1}}, "id"=>"1", "products_of_cart"=>{}}
  [1m[36mProductsOfCart Load (0.4ms)[0m  [1m[34mSELECT "products_of_carts".* FROM "products_of_carts" WHERE "products_of_carts"."id" = $1 LIMIT $2[0m  [["id", 1], ["LIMIT", 1]]
  ↳ app/controllers/api/v1/products_of_carts_controller.rb:56:in `set_products_of_cart'
  [1m[36mStock Load (0.5ms)[0m  [1m[34mSELECT "stocks".* FROM "stocks" WHERE "stocks"."product_id" = $1 LIMIT $2[0m  [["product_id", 5], ["LIMIT", 1]]
  ↳ app/controllers/api/v1/products_of_carts_controller.rb:48:in `check_availability'
  [1m[36mTRANSACTION (0.2ms)[0m  [1m[35mBEGIN[0m
  ↳ app/controllers/api/v1/products_of_carts_controller.rb:32:in `update'
  [1m[36mProduct Load (0.4ms)[0m  [1m[34mSELECT "products".* FROM "products" WHERE "products"."id" = $1 LIMIT $2[0m  [["id", 5], ["LIMIT", 1]]
  ↳ app/controllers/api/v1/products_of_carts_controller.rb:32:in `update'
  [1m[36mTRANSACTION (0.3ms)[0m  [1m[35mCOMMIT[0m
  ↳ app/controllers/api/v1/products_of_carts_controller.rb:32:in `update'
[active_model_serializers] Rendered ProductsOfCartSerializer with ActiveModelSerializers::Adapter::Attributes (0.39ms)
Completed 201 Created in 8128ms (Views: 1.0ms | ActiveRecord: 1.8ms | Allocations: 6077)


Started GET "/api/v1/shopping_carts" for 127.0.0.1 at 2022-01-28 23:02:28 -0300
Processing by Api::V1::ShoppingCartsController#index as */*
  [1m[36mShoppingCart Load (0.3ms)[0m  [1m[34mSELECT "shopping_carts".* FROM "shopping_carts"[0m
  ↳ app/controllers/api/v1/shopping_carts_controller.rb:8:in `index'
[active_model_serializers] Rendered ActiveModel::Serializer::CollectionSerializer with ActiveModelSerializers::Adapter::Attributes (0.45ms)
Completed 200 OK in 11ms (Views: 6.8ms | ActiveRecord: 3.5ms | Allocations: 3768)


Started GET "/api/v1/products_of_carts" for 127.0.0.1 at 2022-01-28 23:05:40 -0300
Processing by Api::V1::ProductsOfCartsController#index as */*
  [1m[36mProductsOfCart Load (0.3ms)[0m  [1m[34mSELECT "products_of_carts".* FROM "products_of_carts"[0m
  ↳ app/controllers/api/v1/products_of_carts_controller.rb:7:in `index'
Completed 500 Internal Server Error in 17ms (ActiveRecord: 3.1ms | Allocations: 7259)


  
NameError (uninitialized constant ProductsOfCartSerializer::FastJsonapi):
  
app/serializers/products_of_cart_serializer.rb:2:in `<class:ProductsOfCartSerializer>'
app/serializers/products_of_cart_serializer.rb:1:in `<main>'
app/controllers/api/v1/products_of_carts_controller.rb:7:in `index'
Started GET "/api/v1/products_of_carts" for 127.0.0.1 at 2022-01-28 23:05:45 -0300
Processing by Api::V1::ProductsOfCartsController#index as */*
  [1m[36mProductsOfCart Load (0.2ms)[0m  [1m[34mSELECT "products_of_carts".* FROM "products_of_carts"[0m
  ↳ app/controllers/api/v1/products_of_carts_controller.rb:7:in `index'
[active_model_serializers] Rendered ActiveModel::Serializer::CollectionSerializer with ActiveModelSerializers::Adapter::Attributes (0.55ms)
Completed 200 OK in 4ms (Views: 2.9ms | ActiveRecord: 0.2ms | Allocations: 1176)


Started GET "/api/v1/products_of_carts" for 127.0.0.1 at 2022-01-28 23:05:47 -0300
Processing by Api::V1::ProductsOfCartsController#index as */*
  [1m[36mProductsOfCart Load (0.3ms)[0m  [1m[34mSELECT "products_of_carts".* FROM "products_of_carts"[0m
  ↳ app/controllers/api/v1/products_of_carts_controller.rb:7:in `index'
[active_model_serializers] Rendered ActiveModel::Serializer::CollectionSerializer with ActiveModelSerializers::Adapter::Attributes (0.28ms)
Completed 200 OK in 3ms (Views: 2.3ms | ActiveRecord: 0.3ms | Allocations: 1014)


Started GET "/api/v1/products_of_carts" for 127.0.0.1 at 2022-01-28 23:05:47 -0300
Processing by Api::V1::ProductsOfCartsController#index as */*
  [1m[36mProductsOfCart Load (0.2ms)[0m  [1m[34mSELECT "products_of_carts".* FROM "products_of_carts"[0m
  ↳ app/controllers/api/v1/products_of_carts_controller.rb:7:in `index'
[active_model_serializers] Rendered ActiveModel::Serializer::CollectionSerializer with ActiveModelSerializers::Adapter::Attributes (0.29ms)
Completed 200 OK in 3ms (Views: 2.1ms | ActiveRecord: 0.2ms | Allocations: 1014)


Started GET "/api/v1/products_of_carts" for 127.0.0.1 at 2022-01-28 23:05:48 -0300
Processing by Api::V1::ProductsOfCartsController#index as */*
  [1m[36mProductsOfCart Load (0.3ms)[0m  [1m[34mSELECT "products_of_carts".* FROM "products_of_carts"[0m
  ↳ app/controllers/api/v1/products_of_carts_controller.rb:7:in `index'
[active_model_serializers] Rendered ActiveModel::Serializer::CollectionSerializer with ActiveModelSerializers::Adapter::Attributes (0.42ms)
Completed 200 OK in 4ms (Views: 2.9ms | ActiveRecord: 0.3ms | Allocations: 1014)


Started GET "/api/v1/products_of_carts" for 127.0.0.1 at 2022-01-28 23:06:03 -0300
  [1m[35m (0.8ms)[0m  [1m[34mSELECT "schema_migrations"."version" FROM "schema_migrations" ORDER BY "schema_migrations"."version" ASC[0m
Processing by Api::V1::ProductsOfCartsController#index as */*
  [1m[36mProductsOfCart Load (0.6ms)[0m  [1m[34mSELECT "products_of_carts".* FROM "products_of_carts"[0m
  ↳ app/controllers/api/v1/products_of_carts_controller.rb:7:in `index'
Completed 500 Internal Server Error in 22ms (ActiveRecord: 4.1ms | Allocations: 10932)


  
NameError (uninitialized constant ProductsOfCartSerializer::FastJsonapi):
  
app/serializers/products_of_cart_serializer.rb:2:in `<class:ProductsOfCartSerializer>'
app/serializers/products_of_cart_serializer.rb:1:in `<main>'
app/controllers/api/v1/products_of_carts_controller.rb:7:in `index'
Started GET "/api/v1/products_of_carts" for 127.0.0.1 at 2022-01-28 23:09:11 -0300
  [1m[35m (0.5ms)[0m  [1m[34mSELECT "schema_migrations"."version" FROM "schema_migrations" ORDER BY "schema_migrations"."version" ASC[0m
Processing by Api::V1::ProductsOfCartsController#index as */*
  [1m[36mProductsOfCart Load (0.7ms)[0m  [1m[34mSELECT "products_of_carts".* FROM "products_of_carts"[0m
  ↳ app/controllers/api/v1/products_of_carts_controller.rb:7:in `index'
[active_model_serializers] Rendered ActiveModel::Serializer::CollectionSerializer with ActiveModelSerializers::Adapter::Attributes (0.16ms)
Completed 500 Internal Server Error in 15ms (ActiveRecord: 3.1ms | Allocations: 9676)


  
ArgumentError (wrong number of arguments (given 3, expected 0)):
  
app/controllers/api/v1/products_of_carts_controller.rb:7:in `index'
Started GET "/api/v1/products_of_carts" for 127.0.0.1 at 2022-01-28 23:09:12 -0300
Processing by Api::V1::ProductsOfCartsController#index as */*
  [1m[36mProductsOfCart Load (0.3ms)[0m  [1m[34mSELECT "products_of_carts".* FROM "products_of_carts"[0m
  ↳ app/controllers/api/v1/products_of_carts_controller.rb:7:in `index'
[active_model_serializers] Rendered ActiveModel::Serializer::CollectionSerializer with ActiveModelSerializers::Adapter::Attributes (0.19ms)
Completed 500 Internal Server Error in 3ms (ActiveRecord: 0.3ms | Allocations: 996)


  
ArgumentError (wrong number of arguments (given 3, expected 0)):
  
app/controllers/api/v1/products_of_carts_controller.rb:7:in `index'
Started GET "/api/v1/shopping_carts" for 127.0.0.1 at 2022-01-28 23:09:24 -0300
Processing by Api::V1::ShoppingCartsController#index as */*
  [1m[36mShoppingCart Load (0.7ms)[0m  [1m[34mSELECT "shopping_carts".* FROM "shopping_carts"[0m
  ↳ app/controllers/api/v1/shopping_carts_controller.rb:8:in `index'
[active_model_serializers] Rendered ActiveModel::Serializer::CollectionSerializer with ActiveModelSerializers::Adapter::Attributes (0.36ms)
Completed 500 Internal Server Error in 19ms (ActiveRecord: 5.7ms | Allocations: 3647)


  
ArgumentError (wrong number of arguments (given 3, expected 0)):
  
app/controllers/api/v1/shopping_carts_controller.rb:8:in `index'
Started GET "/api/v1/shopping_carts" for 127.0.0.1 at 2022-01-28 23:10:27 -0300
Processing by Api::V1::ShoppingCartsController#index as */*
  [1m[36mShoppingCart Load (0.2ms)[0m  [1m[34mSELECT "shopping_carts".* FROM "shopping_carts"[0m
  ↳ app/controllers/api/v1/shopping_carts_controller.rb:8:in `index'
[active_model_serializers] Rendered ActiveModel::Serializer::CollectionSerializer with ActiveModelSerializers::Adapter::Attributes (0.15ms)
Completed 500 Internal Server Error in 7ms (ActiveRecord: 2.2ms | Allocations: 3684)


  
ArgumentError (wrong number of arguments (given 3, expected 0)):
  
app/controllers/api/v1/shopping_carts_controller.rb:8:in `index'
Started GET "/api/v1/shopping_carts" for 127.0.0.1 at 2022-01-28 23:10:28 -0300
Processing by Api::V1::ShoppingCartsController#index as */*
  [1m[36mShoppingCart Load (0.2ms)[0m  [1m[34mSELECT "shopping_carts".* FROM "shopping_carts"[0m
  ↳ app/controllers/api/v1/shopping_carts_controller.rb:8:in `index'
[active_model_serializers] Rendered ActiveModel::Serializer::CollectionSerializer with ActiveModelSerializers::Adapter::Attributes (0.19ms)
Completed 500 Internal Server Error in 3ms (ActiveRecord: 0.2ms | Allocations: 890)


  
ArgumentError (wrong number of arguments (given 3, expected 0)):
  
app/controllers/api/v1/shopping_carts_controller.rb:8:in `index'
Started GET "/api/v1/shopping_carts" for 127.0.0.1 at 2022-01-28 23:11:16 -0300
Processing by Api::V1::ShoppingCartsController#index as */*
  [1m[36mShoppingCart Load (0.2ms)[0m  [1m[34mSELECT "shopping_carts".* FROM "shopping_carts"[0m
  ↳ app/controllers/api/v1/shopping_carts_controller.rb:8:in `index'
[active_model_serializers] Rendered ActiveModel::Serializer::CollectionSerializer with ActiveModelSerializers::Adapter::Attributes (0.16ms)
Completed 500 Internal Server Error in 2ms (ActiveRecord: 0.2ms | Allocations: 890)


  
ArgumentError (wrong number of arguments (given 3, expected 0)):
  
app/controllers/api/v1/shopping_carts_controller.rb:8:in `index'
Started GET "/api/v1/shopping_carts" for 127.0.0.1 at 2022-01-28 23:13:36 -0300
  [1m[35m (0.5ms)[0m  [1m[34mSELECT "schema_migrations"."version" FROM "schema_migrations" ORDER BY "schema_migrations"."version" ASC[0m
Processing by Api::V1::ShoppingCartsController#index as */*
  [1m[36mShoppingCart Load (0.6ms)[0m  [1m[34mSELECT "shopping_carts".* FROM "shopping_carts"[0m
  ↳ app/controllers/api/v1/shopping_carts_controller.rb:8:in `index'
No serializer found for resource: #<ShoppingCart id: 4, total_price: 0.0, created_at: "2022-01-06 19:40:00.979435000 +0000", updated_at: "2022-01-06 19:46:45.341248000 +0000">
[active_model_serializers] Rendered ActiveModel::Serializer::CollectionSerializer with ShoppingCart::ActiveRecord_Relation (0.18ms)
Completed 200 OK in 11ms (Views: 5.3ms | ActiveRecord: 2.9ms | Allocations: 6912)


Started GET "/api/v1/products_of_carts" for 127.0.0.1 at 2022-01-28 23:13:43 -0300
Processing by Api::V1::ProductsOfCartsController#index as */*
  [1m[36mProductsOfCart Load (0.5ms)[0m  [1m[34mSELECT "products_of_carts".* FROM "products_of_carts"[0m
  ↳ app/controllers/api/v1/products_of_carts_controller.rb:7:in `index'
No serializer found for resource: #<ProductsOfCart id: 2, product_id: 6, length_product: 1, price_for_product: 4.21, off_for_product: 0.1, created_at: "2022-01-06 19:59:20.754393000 +0000", updated_at: "2022-01-06 19:59:20.754393000 +0000", shopping_cart_id: 4>
[active_model_serializers] Rendered ActiveModel::Serializer::CollectionSerializer with ProductsOfCart::ActiveRecord_Relation (0.3ms)
Completed 200 OK in 13ms (Views: 7.9ms | ActiveRecord: 2.7ms | Allocations: 6453)


Started GET "/api/v1/shopping_carts" for 127.0.0.1 at 2022-01-28 23:13:51 -0300
Processing by Api::V1::ShoppingCartsController#index as */*
  [1m[36mShoppingCart Load (0.3ms)[0m  [1m[34mSELECT "shopping_carts".* FROM "shopping_carts"[0m
  ↳ app/controllers/api/v1/shopping_carts_controller.rb:8:in `index'
No serializer found for resource: #<ShoppingCart id: 4, total_price: 0.0, created_at: "2022-01-06 19:40:00.979435000 +0000", updated_at: "2022-01-06 19:46:45.341248000 +0000">
[active_model_serializers] Rendered ActiveModel::Serializer::CollectionSerializer with ShoppingCart::ActiveRecord_Relation (0.33ms)
Completed 200 OK in 4ms (Views: 3.6ms | ActiveRecord: 0.3ms | Allocations: 888)


Started GET "/api/v1/shopping_carts" for 127.0.0.1 at 2022-01-28 23:13:52 -0300
Processing by Api::V1::ShoppingCartsController#index as */*
  [1m[36mShoppingCart Load (0.2ms)[0m  [1m[34mSELECT "shopping_carts".* FROM "shopping_carts"[0m
  ↳ app/controllers/api/v1/shopping_carts_controller.rb:8:in `index'
No serializer found for resource: #<ShoppingCart id: 4, total_price: 0.0, created_at: "2022-01-06 19:40:00.979435000 +0000", updated_at: "2022-01-06 19:46:45.341248000 +0000">
[active_model_serializers] Rendered ActiveModel::Serializer::CollectionSerializer with ShoppingCart::ActiveRecord_Relation (0.14ms)
Completed 200 OK in 2ms (Views: 2.0ms | ActiveRecord: 0.2ms | Allocations: 888)


Started GET "/api/v1/shopping_carts" for 127.0.0.1 at 2022-01-28 23:13:53 -0300
Processing by Api::V1::ShoppingCartsController#index as */*
  [1m[36mShoppingCart Load (0.2ms)[0m  [1m[34mSELECT "shopping_carts".* FROM "shopping_carts"[0m
  ↳ app/controllers/api/v1/shopping_carts_controller.rb:8:in `index'
No serializer found for resource: #<ShoppingCart id: 4, total_price: 0.0, created_at: "2022-01-06 19:40:00.979435000 +0000", updated_at: "2022-01-06 19:46:45.341248000 +0000">
[active_model_serializers] Rendered ActiveModel::Serializer::CollectionSerializer with ShoppingCart::ActiveRecord_Relation (0.14ms)
Completed 200 OK in 3ms (Views: 2.1ms | ActiveRecord: 0.2ms | Allocations: 868)


Started PUT "/api/v1/products_of_carts/1" for 127.0.0.1 at 2022-01-28 23:14:15 -0300
Processing by Api::V1::ProductsOfCartsController#update as */*
  Parameters: {"data"=>{"attributes"=>{"product_id"=>5, "length_product"=>2, "shopping_cart_id"=>4, "price_for_product"=>74.29, "off_for_product"=>0.1}}, "id"=>"1", "products_of_cart"=>{}}
  [1m[36mProductsOfCart Load (0.2ms)[0m  [1m[34mSELECT "products_of_carts".* FROM "products_of_carts" WHERE "products_of_carts"."id" = $1 LIMIT $2[0m  [["id", 1], ["LIMIT", 1]]
  ↳ app/controllers/api/v1/products_of_carts_controller.rb:49:in `set_products_of_cart'
  [1m[36mTRANSACTION (0.2ms)[0m  [1m[35mBEGIN[0m
  ↳ app/controllers/api/v1/products_of_carts_controller.rb:32:in `update'
  [1m[36mProduct Load (0.2ms)[0m  [1m[34mSELECT "products".* FROM "products" WHERE "products"."id" = $1 LIMIT $2[0m  [["id", 5], ["LIMIT", 1]]
  ↳ app/controllers/api/v1/products_of_carts_controller.rb:32:in `update'
  [1m[36mTRANSACTION (0.2ms)[0m  [1m[35mCOMMIT[0m
  ↳ app/controllers/api/v1/products_of_carts_controller.rb:32:in `update'
[active_model_serializers] Rendered ActiveModel::Serializer::Null with ProductsOfCart (0.18ms)
Completed 201 Created in 30ms (Views: 2.2ms | ActiveRecord: 5.2ms | Allocations: 15300)


Started PUT "/api/v1/products_of_carts/1" for 127.0.0.1 at 2022-01-28 23:14:17 -0300
Processing by Api::V1::ProductsOfCartsController#update as */*
  Parameters: {"data"=>{"attributes"=>{"product_id"=>5, "length_product"=>2, "shopping_cart_id"=>4, "price_for_product"=>74.29, "off_for_product"=>0.1}}, "id"=>"1", "products_of_cart"=>{}}
  [1m[36mProductsOfCart Load (0.3ms)[0m  [1m[34mSELECT "products_of_carts".* FROM "products_of_carts" WHERE "products_of_carts"."id" = $1 LIMIT $2[0m  [["id", 1], ["LIMIT", 1]]
  ↳ app/controllers/api/v1/products_of_carts_controller.rb:49:in `set_products_of_cart'
  [1m[36mTRANSACTION (0.1ms)[0m  [1m[35mBEGIN[0m
  ↳ app/controllers/api/v1/products_of_carts_controller.rb:32:in `update'
  [1m[36mProduct Load (0.2ms)[0m  [1m[34mSELECT "products".* FROM "products" WHERE "products"."id" = $1 LIMIT $2[0m  [["id", 5], ["LIMIT", 1]]
  ↳ app/controllers/api/v1/products_of_carts_controller.rb:32:in `update'
  [1m[36mTRANSACTION (0.2ms)[0m  [1m[35mCOMMIT[0m
  ↳ app/controllers/api/v1/products_of_carts_controller.rb:32:in `update'
[active_model_serializers] Rendered ActiveModel::Serializer::Null with ProductsOfCart (0.3ms)
Completed 201 Created in 7ms (Views: 0.8ms | ActiveRecord: 0.8ms | Allocations: 2786)


Started PUT "/api/v1/products_of_carts/1" for 127.0.0.1 at 2022-01-28 23:14:17 -0300
Processing by Api::V1::ProductsOfCartsController#update as */*
  Parameters: {"data"=>{"attributes"=>{"product_id"=>5, "length_product"=>2, "shopping_cart_id"=>4, "price_for_product"=>74.29, "off_for_product"=>0.1}}, "id"=>"1", "products_of_cart"=>{}}
  [1m[36mProductsOfCart Load (0.3ms)[0m  [1m[34mSELECT "products_of_carts".* FROM "products_of_carts" WHERE "products_of_carts"."id" = $1 LIMIT $2[0m  [["id", 1], ["LIMIT", 1]]
  ↳ app/controllers/api/v1/products_of_carts_controller.rb:49:in `set_products_of_cart'
  [1m[36mTRANSACTION (0.1ms)[0m  [1m[35mBEGIN[0m
  ↳ app/controllers/api/v1/products_of_carts_controller.rb:32:in `update'
  [1m[36mProduct Load (0.2ms)[0m  [1m[34mSELECT "products".* FROM "products" WHERE "products"."id" = $1 LIMIT $2[0m  [["id", 5], ["LIMIT", 1]]
  ↳ app/controllers/api/v1/products_of_carts_controller.rb:32:in `update'
  [1m[36mTRANSACTION (0.2ms)[0m  [1m[35mCOMMIT[0m
  ↳ app/controllers/api/v1/products_of_carts_controller.rb:32:in `update'
[active_model_serializers] Rendered ActiveModel::Serializer::Null with ProductsOfCart (0.15ms)
Completed 201 Created in 6ms (Views: 0.5ms | ActiveRecord: 0.8ms | Allocations: 2805)


Started PUT "/api/v1/products_of_carts/1" for 127.0.0.1 at 2022-01-28 23:14:18 -0300
Processing by Api::V1::ProductsOfCartsController#update as */*
  Parameters: {"data"=>{"attributes"=>{"product_id"=>5, "length_product"=>2, "shopping_cart_id"=>4, "price_for_product"=>74.29, "off_for_product"=>0.1}}, "id"=>"1", "products_of_cart"=>{}}
  [1m[36mProductsOfCart Load (0.3ms)[0m  [1m[34mSELECT "products_of_carts".* FROM "products_of_carts" WHERE "products_of_carts"."id" = $1 LIMIT $2[0m  [["id", 1], ["LIMIT", 1]]
  ↳ app/controllers/api/v1/products_of_carts_controller.rb:49:in `set_products_of_cart'
  [1m[36mTRANSACTION (0.2ms)[0m  [1m[35mBEGIN[0m
  ↳ app/controllers/api/v1/products_of_carts_controller.rb:32:in `update'
  [1m[36mProduct Load (0.2ms)[0m  [1m[34mSELECT "products".* FROM "products" WHERE "products"."id" = $1 LIMIT $2[0m  [["id", 5], ["LIMIT", 1]]
  ↳ app/controllers/api/v1/products_of_carts_controller.rb:32:in `update'
  [1m[36mTRANSACTION (0.2ms)[0m  [1m[35mCOMMIT[0m
  ↳ app/controllers/api/v1/products_of_carts_controller.rb:32:in `update'
[active_model_serializers] Rendered ActiveModel::Serializer::Null with ProductsOfCart (0.25ms)
Completed 201 Created in 8ms (Views: 0.8ms | ActiveRecord: 1.0ms | Allocations: 2781)


Started PUT "/api/v1/products_of_carts/1" for 127.0.0.1 at 2022-01-28 23:14:18 -0300
Processing by Api::V1::ProductsOfCartsController#update as */*
  Parameters: {"data"=>{"attributes"=>{"product_id"=>5, "length_product"=>2, "shopping_cart_id"=>4, "price_for_product"=>74.29, "off_for_product"=>0.1}}, "id"=>"1", "products_of_cart"=>{}}
  [1m[36mProductsOfCart Load (0.4ms)[0m  [1m[34mSELECT "products_of_carts".* FROM "products_of_carts" WHERE "products_of_carts"."id" = $1 LIMIT $2[0m  [["id", 1], ["LIMIT", 1]]
  ↳ app/controllers/api/v1/products_of_carts_controller.rb:49:in `set_products_of_cart'
  [1m[36mTRANSACTION (0.2ms)[0m  [1m[35mBEGIN[0m
  ↳ app/controllers/api/v1/products_of_carts_controller.rb:32:in `update'
  [1m[36mProduct Load (0.3ms)[0m  [1m[34mSELECT "products".* FROM "products" WHERE "products"."id" = $1 LIMIT $2[0m  [["id", 5], ["LIMIT", 1]]
  ↳ app/controllers/api/v1/products_of_carts_controller.rb:32:in `update'
  [1m[36mTRANSACTION (0.1ms)[0m  [1m[35mCOMMIT[0m
  ↳ app/controllers/api/v1/products_of_carts_controller.rb:32:in `update'
[active_model_serializers] Rendered ActiveModel::Serializer::Null with ProductsOfCart (0.22ms)
Completed 201 Created in 7ms (Views: 0.7ms | ActiveRecord: 0.9ms | Allocations: 2786)


Started PUT "/api/v1/products_of_carts/1" for 127.0.0.1 at 2022-01-28 23:14:19 -0300
Processing by Api::V1::ProductsOfCartsController#update as */*
  Parameters: {"data"=>{"attributes"=>{"product_id"=>5, "length_product"=>2, "shopping_cart_id"=>4, "price_for_product"=>74.29, "off_for_product"=>0.1}}, "id"=>"1", "products_of_cart"=>{}}
  [1m[36mProductsOfCart Load (0.4ms)[0m  [1m[34mSELECT "products_of_carts".* FROM "products_of_carts" WHERE "products_of_carts"."id" = $1 LIMIT $2[0m  [["id", 1], ["LIMIT", 1]]
  ↳ app/controllers/api/v1/products_of_carts_controller.rb:49:in `set_products_of_cart'
  [1m[36mTRANSACTION (0.1ms)[0m  [1m[35mBEGIN[0m
  ↳ app/controllers/api/v1/products_of_carts_controller.rb:32:in `update'
  [1m[36mProduct Load (0.2ms)[0m  [1m[34mSELECT "products".* FROM "products" WHERE "products"."id" = $1 LIMIT $2[0m  [["id", 5], ["LIMIT", 1]]
  ↳ app/controllers/api/v1/products_of_carts_controller.rb:32:in `update'
  [1m[36mTRANSACTION (0.1ms)[0m  [1m[35mCOMMIT[0m
  ↳ app/controllers/api/v1/products_of_carts_controller.rb:32:in `update'
[active_model_serializers] Rendered ActiveModel::Serializer::Null with ProductsOfCart (0.14ms)
Completed 201 Created in 14ms (Views: 0.4ms | ActiveRecord: 0.8ms | Allocations: 2783)


Started PUT "/api/v1/products_of_carts/1" for 127.0.0.1 at 2022-01-28 23:14:19 -0300
Processing by Api::V1::ProductsOfCartsController#update as */*
  Parameters: {"data"=>{"attributes"=>{"product_id"=>5, "length_product"=>2, "shopping_cart_id"=>4, "price_for_product"=>74.29, "off_for_product"=>0.1}}, "id"=>"1", "products_of_cart"=>{}}
  [1m[36mProductsOfCart Load (0.6ms)[0m  [1m[34mSELECT "products_of_carts".* FROM "products_of_carts" WHERE "products_of_carts"."id" = $1 LIMIT $2[0m  [["id", 1], ["LIMIT", 1]]
  ↳ app/controllers/api/v1/products_of_carts_controller.rb:49:in `set_products_of_cart'
  [1m[36mTRANSACTION (0.1ms)[0m  [1m[35mBEGIN[0m
  ↳ app/controllers/api/v1/products_of_carts_controller.rb:32:in `update'
  [1m[36mProduct Load (0.1ms)[0m  [1m[34mSELECT "products".* FROM "products" WHERE "products"."id" = $1 LIMIT $2[0m  [["id", 5], ["LIMIT", 1]]
  ↳ app/controllers/api/v1/products_of_carts_controller.rb:32:in `update'
  [1m[36mTRANSACTION (0.1ms)[0m  [1m[35mCOMMIT[0m
  ↳ app/controllers/api/v1/products_of_carts_controller.rb:32:in `update'
[active_model_serializers] Rendered ActiveModel::Serializer::Null with ProductsOfCart (0.15ms)
Completed 201 Created in 6ms (Views: 0.4ms | ActiveRecord: 0.9ms | Allocations: 2785)


Started PUT "/api/v1/products_of_carts/1" for 127.0.0.1 at 2022-01-28 23:14:20 -0300
Processing by Api::V1::ProductsOfCartsController#update as */*
  Parameters: {"data"=>{"attributes"=>{"product_id"=>5, "length_product"=>2, "shopping_cart_id"=>4, "price_for_product"=>74.29, "off_for_product"=>0.1}}, "id"=>"1", "products_of_cart"=>{}}
  [1m[36mProductsOfCart Load (0.2ms)[0m  [1m[34mSELECT "products_of_carts".* FROM "products_of_carts" WHERE "products_of_carts"."id" = $1 LIMIT $2[0m  [["id", 1], ["LIMIT", 1]]
  ↳ app/controllers/api/v1/products_of_carts_controller.rb:49:in `set_products_of_cart'
  [1m[36mTRANSACTION (0.2ms)[0m  [1m[35mBEGIN[0m
  ↳ app/controllers/api/v1/products_of_carts_controller.rb:32:in `update'
  [1m[36mProduct Load (0.3ms)[0m  [1m[34mSELECT "products".* FROM "products" WHERE "products"."id" = $1 LIMIT $2[0m  [["id", 5], ["LIMIT", 1]]
  ↳ app/controllers/api/v1/products_of_carts_controller.rb:32:in `update'
  [1m[36mTRANSACTION (0.1ms)[0m  [1m[35mCOMMIT[0m
  ↳ app/controllers/api/v1/products_of_carts_controller.rb:32:in `update'
[active_model_serializers] Rendered ActiveModel::Serializer::Null with ProductsOfCart (0.16ms)
Completed 201 Created in 7ms (Views: 0.5ms | ActiveRecord: 0.8ms | Allocations: 2781)


Started PUT "/api/v1/products_of_carts/1" for 127.0.0.1 at 2022-01-28 23:14:20 -0300
Processing by Api::V1::ProductsOfCartsController#update as */*
  Parameters: {"data"=>{"attributes"=>{"product_id"=>5, "length_product"=>2, "shopping_cart_id"=>4, "price_for_product"=>74.29, "off_for_product"=>0.1}}, "id"=>"1", "products_of_cart"=>{}}
  [1m[36mProductsOfCart Load (0.2ms)[0m  [1m[34mSELECT "products_of_carts".* FROM "products_of_carts" WHERE "products_of_carts"."id" = $1 LIMIT $2[0m  [["id", 1], ["LIMIT", 1]]
  ↳ app/controllers/api/v1/products_of_carts_controller.rb:49:in `set_products_of_cart'
  [1m[36mTRANSACTION (0.1ms)[0m  [1m[35mBEGIN[0m
  ↳ app/controllers/api/v1/products_of_carts_controller.rb:32:in `update'
  [1m[36mProduct Load (0.2ms)[0m  [1m[34mSELECT "products".* FROM "products" WHERE "products"."id" = $1 LIMIT $2[0m  [["id", 5], ["LIMIT", 1]]
  ↳ app/controllers/api/v1/products_of_carts_controller.rb:32:in `update'
  [1m[36mTRANSACTION (0.2ms)[0m  [1m[35mCOMMIT[0m
  ↳ app/controllers/api/v1/products_of_carts_controller.rb:32:in `update'
[active_model_serializers] Rendered ActiveModel::Serializer::Null with ProductsOfCart (0.17ms)
Completed 201 Created in 6ms (Views: 0.5ms | ActiveRecord: 0.7ms | Allocations: 2781)


Started PUT "/api/v1/products_of_carts/1" for 127.0.0.1 at 2022-01-28 23:14:20 -0300
Processing by Api::V1::ProductsOfCartsController#update as */*
  Parameters: {"data"=>{"attributes"=>{"product_id"=>5, "length_product"=>2, "shopping_cart_id"=>4, "price_for_product"=>74.29, "off_for_product"=>0.1}}, "id"=>"1", "products_of_cart"=>{}}
  [1m[36mProductsOfCart Load (0.1ms)[0m  [1m[34mSELECT "products_of_carts".* FROM "products_of_carts" WHERE "products_of_carts"."id" = $1 LIMIT $2[0m  [["id", 1], ["LIMIT", 1]]
  ↳ app/controllers/api/v1/products_of_carts_controller.rb:49:in `set_products_of_cart'
  [1m[36mTRANSACTION (0.1ms)[0m  [1m[35mBEGIN[0m
  ↳ app/controllers/api/v1/products_of_carts_controller.rb:32:in `update'
  [1m[36mProduct Load (0.1ms)[0m  [1m[34mSELECT "products".* FROM "products" WHERE "products"."id" = $1 LIMIT $2[0m  [["id", 5], ["LIMIT", 1]]
  ↳ app/controllers/api/v1/products_of_carts_controller.rb:32:in `update'
  [1m[36mTRANSACTION (0.1ms)[0m  [1m[35mCOMMIT[0m
  ↳ app/controllers/api/v1/products_of_carts_controller.rb:32:in `update'
[active_model_serializers] Rendered ActiveModel::Serializer::Null with ProductsOfCart (0.21ms)
Completed 201 Created in 4ms (Views: 0.6ms | ActiveRecord: 0.4ms | Allocations: 2781)


Started PUT "/api/v1/products_of_carts/1" for 127.0.0.1 at 2022-01-28 23:14:20 -0300
Processing by Api::V1::ProductsOfCartsController#update as */*
  Parameters: {"data"=>{"attributes"=>{"product_id"=>5, "length_product"=>2, "shopping_cart_id"=>4, "price_for_product"=>74.29, "off_for_product"=>0.1}}, "id"=>"1", "products_of_cart"=>{}}
  [1m[36mProductsOfCart Load (0.4ms)[0m  [1m[34mSELECT "products_of_carts".* FROM "products_of_carts" WHERE "products_of_carts"."id" = $1 LIMIT $2[0m  [["id", 1], ["LIMIT", 1]]
  ↳ app/controllers/api/v1/products_of_carts_controller.rb:49:in `set_products_of_cart'
  [1m[36mTRANSACTION (0.2ms)[0m  [1m[35mBEGIN[0m
  ↳ app/controllers/api/v1/products_of_carts_controller.rb:32:in `update'
  [1m[36mProduct Load (0.2ms)[0m  [1m[34mSELECT "products".* FROM "products" WHERE "products"."id" = $1 LIMIT $2[0m  [["id", 5], ["LIMIT", 1]]
  ↳ app/controllers/api/v1/products_of_carts_controller.rb:32:in `update'
  [1m[36mTRANSACTION (0.2ms)[0m  [1m[35mCOMMIT[0m
  ↳ app/controllers/api/v1/products_of_carts_controller.rb:32:in `update'
[active_model_serializers] Rendered ActiveModel::Serializer::Null with ProductsOfCart (0.28ms)
Completed 201 Created in 8ms (Views: 0.7ms | ActiveRecord: 0.9ms | Allocations: 2781)


Started PUT "/api/v1/products_of_carts/1" for 127.0.0.1 at 2022-01-28 23:14:21 -0300
Processing by Api::V1::ProductsOfCartsController#update as */*
  Parameters: {"data"=>{"attributes"=>{"product_id"=>5, "length_product"=>2, "shopping_cart_id"=>4, "price_for_product"=>74.29, "off_for_product"=>0.1}}, "id"=>"1", "products_of_cart"=>{}}
  [1m[36mProductsOfCart Load (0.1ms)[0m  [1m[34mSELECT "products_of_carts".* FROM "products_of_carts" WHERE "products_of_carts"."id" = $1 LIMIT $2[0m  [["id", 1], ["LIMIT", 1]]
  ↳ app/controllers/api/v1/products_of_carts_controller.rb:49:in `set_products_of_cart'
  [1m[36mTRANSACTION (0.2ms)[0m  [1m[35mBEGIN[0m
  ↳ app/controllers/api/v1/products_of_carts_controller.rb:32:in `update'
  [1m[36mProduct Load (0.1ms)[0m  [1m[34mSELECT "products".* FROM "products" WHERE "products"."id" = $1 LIMIT $2[0m  [["id", 5], ["LIMIT", 1]]
  ↳ app/controllers/api/v1/products_of_carts_controller.rb:32:in `update'
  [1m[36mTRANSACTION (0.1ms)[0m  [1m[35mCOMMIT[0m
  ↳ app/controllers/api/v1/products_of_carts_controller.rb:32:in `update'
[active_model_serializers] Rendered ActiveModel::Serializer::Null with ProductsOfCart (0.14ms)
Completed 201 Created in 5ms (Views: 0.4ms | ActiveRecord: 0.5ms | Allocations: 2781)


Started PUT "/api/v1/products_of_carts/1" for 127.0.0.1 at 2022-01-28 23:14:21 -0300
Processing by Api::V1::ProductsOfCartsController#update as */*
  Parameters: {"data"=>{"attributes"=>{"product_id"=>5, "length_product"=>2, "shopping_cart_id"=>4, "price_for_product"=>74.29, "off_for_product"=>0.1}}, "id"=>"1", "products_of_cart"=>{}}
  [1m[36mProductsOfCart Load (0.3ms)[0m  [1m[34mSELECT "products_of_carts".* FROM "products_of_carts" WHERE "products_of_carts"."id" = $1 LIMIT $2[0m  [["id", 1], ["LIMIT", 1]]
  ↳ app/controllers/api/v1/products_of_carts_controller.rb:49:in `set_products_of_cart'
  [1m[36mTRANSACTION (0.2ms)[0m  [1m[35mBEGIN[0m
  ↳ app/controllers/api/v1/products_of_carts_controller.rb:32:in `update'
  [1m[36mProduct Load (0.2ms)[0m  [1m[34mSELECT "products".* FROM "products" WHERE "products"."id" = $1 LIMIT $2[0m  [["id", 5], ["LIMIT", 1]]
  ↳ app/controllers/api/v1/products_of_carts_controller.rb:32:in `update'
  [1m[36mTRANSACTION (0.1ms)[0m  [1m[35mCOMMIT[0m
  ↳ app/controllers/api/v1/products_of_carts_controller.rb:32:in `update'
[active_model_serializers] Rendered ActiveModel::Serializer::Null with ProductsOfCart (0.16ms)
Completed 201 Created in 7ms (Views: 0.5ms | ActiveRecord: 0.8ms | Allocations: 2781)


Started PUT "/api/v1/products_of_carts/1" for 127.0.0.1 at 2022-01-28 23:14:21 -0300
Processing by Api::V1::ProductsOfCartsController#update as */*
  Parameters: {"data"=>{"attributes"=>{"product_id"=>5, "length_product"=>2, "shopping_cart_id"=>4, "price_for_product"=>74.29, "off_for_product"=>0.1}}, "id"=>"1", "products_of_cart"=>{}}
  [1m[36mProductsOfCart Load (0.2ms)[0m  [1m[34mSELECT "products_of_carts".* FROM "products_of_carts" WHERE "products_of_carts"."id" = $1 LIMIT $2[0m  [["id", 1], ["LIMIT", 1]]
  ↳ app/controllers/api/v1/products_of_carts_controller.rb:49:in `set_products_of_cart'
  [1m[36mTRANSACTION (0.2ms)[0m  [1m[35mBEGIN[0m
  ↳ app/controllers/api/v1/products_of_carts_controller.rb:32:in `update'
  [1m[36mProduct Load (0.3ms)[0m  [1m[34mSELECT "products".* FROM "products" WHERE "products"."id" = $1 LIMIT $2[0m  [["id", 5], ["LIMIT", 1]]
  ↳ app/controllers/api/v1/products_of_carts_controller.rb:32:in `update'
  [1m[36mTRANSACTION (0.2ms)[0m  [1m[35mCOMMIT[0m
  ↳ app/controllers/api/v1/products_of_carts_controller.rb:32:in `update'
[active_model_serializers] Rendered ActiveModel::Serializer::Null with ProductsOfCart (0.27ms)
Completed 201 Created in 8ms (Views: 0.8ms | ActiveRecord: 0.9ms | Allocations: 2781)


Started PUT "/api/v1/products_of_carts/1" for 127.0.0.1 at 2022-01-28 23:14:21 -0300
Processing by Api::V1::ProductsOfCartsController#update as */*
  Parameters: {"data"=>{"attributes"=>{"product_id"=>5, "length_product"=>2, "shopping_cart_id"=>4, "price_for_product"=>74.29, "off_for_product"=>0.1}}, "id"=>"1", "products_of_cart"=>{}}
  [1m[36mProductsOfCart Load (0.3ms)[0m  [1m[34mSELECT "products_of_carts".* FROM "products_of_carts" WHERE "products_of_carts"."id" = $1 LIMIT $2[0m  [["id", 1], ["LIMIT", 1]]
  ↳ app/controllers/api/v1/products_of_carts_controller.rb:49:in `set_products_of_cart'
  [1m[36mTRANSACTION (0.2ms)[0m  [1m[35mBEGIN[0m
  ↳ app/controllers/api/v1/products_of_carts_controller.rb:32:in `update'
  [1m[36mProduct Load (0.3ms)[0m  [1m[34mSELECT "products".* FROM "products" WHERE "products"."id" = $1 LIMIT $2[0m  [["id", 5], ["LIMIT", 1]]
  ↳ app/controllers/api/v1/products_of_carts_controller.rb:32:in `update'
  [1m[36mTRANSACTION (0.2ms)[0m  [1m[35mCOMMIT[0m
  ↳ app/controllers/api/v1/products_of_carts_controller.rb:32:in `update'
[active_model_serializers] Rendered ActiveModel::Serializer::Null with ProductsOfCart (0.26ms)
Completed 201 Created in 8ms (Views: 0.8ms | ActiveRecord: 0.9ms | Allocations: 2781)


Started GET "/api/v1/shopping_carts" for 127.0.0.1 at 2022-01-28 23:14:24 -0300
Processing by Api::V1::ShoppingCartsController#index as */*
  [1m[36mShoppingCart Load (0.3ms)[0m  [1m[34mSELECT "shopping_carts".* FROM "shopping_carts"[0m
  ↳ app/controllers/api/v1/shopping_carts_controller.rb:8:in `index'
No serializer found for resource: #<ShoppingCart id: 4, total_price: 0.0, created_at: "2022-01-06 19:40:00.979435000 +0000", updated_at: "2022-01-06 19:46:45.341248000 +0000">
[active_model_serializers] Rendered ActiveModel::Serializer::CollectionSerializer with ShoppingCart::ActiveRecord_Relation (0.15ms)
Completed 200 OK in 12ms (Views: 6.7ms | ActiveRecord: 3.5ms | Allocations: 3394)


Started GET "/api/v1/shopping_carts" for 127.0.0.1 at 2022-01-28 23:14:25 -0300
Processing by Api::V1::ShoppingCartsController#index as */*
  [1m[36mShoppingCart Load (0.3ms)[0m  [1m[34mSELECT "shopping_carts".* FROM "shopping_carts"[0m
  ↳ app/controllers/api/v1/shopping_carts_controller.rb:8:in `index'
No serializer found for resource: #<ShoppingCart id: 4, total_price: 0.0, created_at: "2022-01-06 19:40:00.979435000 +0000", updated_at: "2022-01-06 19:46:45.341248000 +0000">
[active_model_serializers] Rendered ActiveModel::Serializer::CollectionSerializer with ShoppingCart::ActiveRecord_Relation (0.14ms)
Completed 200 OK in 3ms (Views: 2.1ms | ActiveRecord: 0.3ms | Allocations: 868)


Started GET "/api/v1/shopping_carts" for 127.0.0.1 at 2022-01-28 23:14:26 -0300
Processing by Api::V1::ShoppingCartsController#index as */*
  [1m[36mShoppingCart Load (0.5ms)[0m  [1m[34mSELECT "shopping_carts".* FROM "shopping_carts"[0m
  ↳ app/controllers/api/v1/shopping_carts_controller.rb:8:in `index'
No serializer found for resource: #<ShoppingCart id: 4, total_price: 0.0, created_at: "2022-01-06 19:40:00.979435000 +0000", updated_at: "2022-01-06 19:46:45.341248000 +0000">
[active_model_serializers] Rendered ActiveModel::Serializer::CollectionSerializer with ShoppingCart::ActiveRecord_Relation (0.18ms)
Completed 200 OK in 4ms (Views: 3.5ms | ActiveRecord: 0.5ms | Allocations: 868)


Started GET "/api/v1/shopping_carts" for 127.0.0.1 at 2022-01-28 23:14:26 -0300
Processing by Api::V1::ShoppingCartsController#index as */*
  [1m[36mShoppingCart Load (0.3ms)[0m  [1m[34mSELECT "shopping_carts".* FROM "shopping_carts"[0m
  ↳ app/controllers/api/v1/shopping_carts_controller.rb:8:in `index'
No serializer found for resource: #<ShoppingCart id: 4, total_price: 0.0, created_at: "2022-01-06 19:40:00.979435000 +0000", updated_at: "2022-01-06 19:46:45.341248000 +0000">
[active_model_serializers] Rendered ActiveModel::Serializer::CollectionSerializer with ShoppingCart::ActiveRecord_Relation (0.19ms)
Completed 200 OK in 3ms (Views: 2.4ms | ActiveRecord: 0.3ms | Allocations: 869)


Started GET "/api/v1/shopping_carts" for 127.0.0.1 at 2022-01-28 23:14:27 -0300
Processing by Api::V1::ShoppingCartsController#index as */*
  [1m[36mShoppingCart Load (0.3ms)[0m  [1m[34mSELECT "shopping_carts".* FROM "shopping_carts"[0m
  ↳ app/controllers/api/v1/shopping_carts_controller.rb:8:in `index'
No serializer found for resource: #<ShoppingCart id: 4, total_price: 0.0, created_at: "2022-01-06 19:40:00.979435000 +0000", updated_at: "2022-01-06 19:46:45.341248000 +0000">
[active_model_serializers] Rendered ActiveModel::Serializer::CollectionSerializer with ShoppingCart::ActiveRecord_Relation (0.17ms)
Completed 200 OK in 3ms (Views: 2.6ms | ActiveRecord: 0.3ms | Allocations: 868)


Started GET "/api/v1/shopping_carts" for 127.0.0.1 at 2022-01-28 23:14:27 -0300
Processing by Api::V1::ShoppingCartsController#index as */*
  [1m[36mShoppingCart Load (0.2ms)[0m  [1m[34mSELECT "shopping_carts".* FROM "shopping_carts"[0m
  ↳ app/controllers/api/v1/shopping_carts_controller.rb:8:in `index'
No serializer found for resource: #<ShoppingCart id: 4, total_price: 0.0, created_at: "2022-01-06 19:40:00.979435000 +0000", updated_at: "2022-01-06 19:46:45.341248000 +0000">
[active_model_serializers] Rendered ActiveModel::Serializer::CollectionSerializer with ShoppingCart::ActiveRecord_Relation (0.1ms)
Completed 200 OK in 2ms (Views: 1.4ms | ActiveRecord: 0.2ms | Allocations: 868)


Started GET "/api/v1/shopping_carts" for 127.0.0.1 at 2022-01-28 23:14:27 -0300
Processing by Api::V1::ShoppingCartsController#index as */*
  [1m[36mShoppingCart Load (0.2ms)[0m  [1m[34mSELECT "shopping_carts".* FROM "shopping_carts"[0m
  ↳ app/controllers/api/v1/shopping_carts_controller.rb:8:in `index'
No serializer found for resource: #<ShoppingCart id: 4, total_price: 0.0, created_at: "2022-01-06 19:40:00.979435000 +0000", updated_at: "2022-01-06 19:46:45.341248000 +0000">
[active_model_serializers] Rendered ActiveModel::Serializer::CollectionSerializer with ShoppingCart::ActiveRecord_Relation (0.15ms)
Completed 200 OK in 2ms (Views: 2.0ms | ActiveRecord: 0.2ms | Allocations: 868)


Started GET "/api/v1/products_of_carts" for 127.0.0.1 at 2022-01-28 23:15:47 -0300
Processing by Api::V1::ProductsOfCartsController#index as */*
  [1m[36mProductsOfCart Load (0.2ms)[0m  [1m[34mSELECT "products_of_carts".* FROM "products_of_carts"[0m
  ↳ app/controllers/api/v1/products_of_carts_controller.rb:7:in `index'
Completed 500 Internal Server Error in 12ms (ActiveRecord: 2.3ms | Allocations: 6894)


  
NoMethodError (undefined method `set_key_transform' for ProductsOfCartSerializer:Class):
  
app/serializers/products_of_cart_serializer.rb:3:in `<class:ProductsOfCartSerializer>'
app/serializers/products_of_cart_serializer.rb:1:in `<main>'
app/controllers/api/v1/products_of_carts_controller.rb:7:in `index'
Started GET "/api/v1/products_of_carts" for 127.0.0.1 at 2022-01-28 23:15:48 -0300
Processing by Api::V1::ProductsOfCartsController#index as */*
  [1m[36mProductsOfCart Load (0.1ms)[0m  [1m[34mSELECT "products_of_carts".* FROM "products_of_carts"[0m
  ↳ app/controllers/api/v1/products_of_carts_controller.rb:7:in `index'
[active_model_serializers] Rendered ActiveModel::Serializer::CollectionSerializer with ActiveModelSerializers::Adapter::Attributes (0.33ms)
Completed 200 OK in 2ms (Views: 1.9ms | ActiveRecord: 0.1ms | Allocations: 1351)


Started GET "/api/v1/products_of_carts" for 127.0.0.1 at 2022-01-28 23:15:49 -0300
Processing by Api::V1::ProductsOfCartsController#index as */*
  [1m[36mProductsOfCart Load (0.3ms)[0m  [1m[34mSELECT "products_of_carts".* FROM "products_of_carts"[0m
  ↳ app/controllers/api/v1/products_of_carts_controller.rb:7:in `index'
[active_model_serializers] Rendered ActiveModel::Serializer::CollectionSerializer with ActiveModelSerializers::Adapter::Attributes (0.33ms)
Completed 200 OK in 3ms (Views: 2.5ms | ActiveRecord: 0.3ms | Allocations: 1014)


Started GET "/api/v1/products_of_carts" for 127.0.0.1 at 2022-01-28 23:15:49 -0300
Processing by Api::V1::ProductsOfCartsController#index as */*
  [1m[36mProductsOfCart Load (0.3ms)[0m  [1m[34mSELECT "products_of_carts".* FROM "products_of_carts"[0m
  ↳ app/controllers/api/v1/products_of_carts_controller.rb:7:in `index'
[active_model_serializers] Rendered ActiveModel::Serializer::CollectionSerializer with ActiveModelSerializers::Adapter::Attributes (0.56ms)
Completed 200 OK in 4ms (Views: 3.1ms | ActiveRecord: 0.3ms | Allocations: 1014)


Started GET "/api/v1/products_of_carts" for 127.0.0.1 at 2022-01-28 23:15:49 -0300
Processing by Api::V1::ProductsOfCartsController#index as */*
  [1m[36mProductsOfCart Load (0.2ms)[0m  [1m[34mSELECT "products_of_carts".* FROM "products_of_carts"[0m
  ↳ app/controllers/api/v1/products_of_carts_controller.rb:7:in `index'
[active_model_serializers] Rendered ActiveModel::Serializer::CollectionSerializer with ActiveModelSerializers::Adapter::Attributes (0.32ms)
Completed 200 OK in 2ms (Views: 2.0ms | ActiveRecord: 0.2ms | Allocations: 1014)


Started GET "/api/v1/products_of_carts" for 127.0.0.1 at 2022-01-28 23:15:50 -0300
Processing by Api::V1::ProductsOfCartsController#index as */*
  [1m[36mProductsOfCart Load (0.4ms)[0m  [1m[34mSELECT "products_of_carts".* FROM "products_of_carts"[0m
  ↳ app/controllers/api/v1/products_of_carts_controller.rb:7:in `index'
[active_model_serializers] Rendered ActiveModel::Serializer::CollectionSerializer with ActiveModelSerializers::Adapter::Attributes (0.42ms)
Completed 200 OK in 4ms (Views: 2.9ms | ActiveRecord: 0.4ms | Allocations: 1014)


Started GET "/api/v1/products_of_carts" for 127.0.0.1 at 2022-01-28 23:15:50 -0300
Processing by Api::V1::ProductsOfCartsController#index as */*
  [1m[36mProductsOfCart Load (0.6ms)[0m  [1m[34mSELECT "products_of_carts".* FROM "products_of_carts"[0m
  ↳ app/controllers/api/v1/products_of_carts_controller.rb:7:in `index'
[active_model_serializers] Rendered ActiveModel::Serializer::CollectionSerializer with ActiveModelSerializers::Adapter::Attributes (0.42ms)
Completed 200 OK in 4ms (Views: 3.1ms | ActiveRecord: 0.6ms | Allocations: 1014)


Started GET "/api/v1/products_of_carts" for 127.0.0.1 at 2022-01-28 23:15:50 -0300
Processing by Api::V1::ProductsOfCartsController#index as */*
  [1m[36mProductsOfCart Load (0.3ms)[0m  [1m[34mSELECT "products_of_carts".* FROM "products_of_carts"[0m
  ↳ app/controllers/api/v1/products_of_carts_controller.rb:7:in `index'
[active_model_serializers] Rendered ActiveModel::Serializer::CollectionSerializer with ActiveModelSerializers::Adapter::Attributes (0.3ms)
Completed 200 OK in 3ms (Views: 2.2ms | ActiveRecord: 0.3ms | Allocations: 1014)


Started GET "/api/v1/products_of_carts" for 127.0.0.1 at 2022-01-28 23:15:50 -0300
Processing by Api::V1::ProductsOfCartsController#index as */*
  [1m[36mProductsOfCart Load (0.3ms)[0m  [1m[34mSELECT "products_of_carts".* FROM "products_of_carts"[0m
  ↳ app/controllers/api/v1/products_of_carts_controller.rb:7:in `index'
[active_model_serializers] Rendered ActiveModel::Serializer::CollectionSerializer with ActiveModelSerializers::Adapter::Attributes (0.38ms)
Completed 200 OK in 3ms (Views: 2.6ms | ActiveRecord: 0.3ms | Allocations: 1014)


Started GET "/api/v1/products_of_carts" for 127.0.0.1 at 2022-01-28 23:15:50 -0300
Processing by Api::V1::ProductsOfCartsController#index as */*
  [1m[36mProductsOfCart Load (0.2ms)[0m  [1m[34mSELECT "products_of_carts".* FROM "products_of_carts"[0m
  ↳ app/controllers/api/v1/products_of_carts_controller.rb:7:in `index'
[active_model_serializers] Rendered ActiveModel::Serializer::CollectionSerializer with ActiveModelSerializers::Adapter::Attributes (0.3ms)
Completed 200 OK in 3ms (Views: 2.1ms | ActiveRecord: 0.2ms | Allocations: 1014)


Started GET "/api/v1/products_of_carts" for 127.0.0.1 at 2022-01-28 23:15:51 -0300
Processing by Api::V1::ProductsOfCartsController#index as */*
  [1m[36mProductsOfCart Load (0.3ms)[0m  [1m[34mSELECT "products_of_carts".* FROM "products_of_carts"[0m
  ↳ app/controllers/api/v1/products_of_carts_controller.rb:7:in `index'
[active_model_serializers] Rendered ActiveModel::Serializer::CollectionSerializer with ActiveModelSerializers::Adapter::Attributes (0.55ms)
Completed 200 OK in 3ms (Views: 2.9ms | ActiveRecord: 0.3ms | Allocations: 1014)


Started GET "/api/v1/products_of_carts" for 127.0.0.1 at 2022-01-28 23:15:51 -0300
Processing by Api::V1::ProductsOfCartsController#index as */*
  [1m[36mProductsOfCart Load (0.4ms)[0m  [1m[34mSELECT "products_of_carts".* FROM "products_of_carts"[0m
  ↳ app/controllers/api/v1/products_of_carts_controller.rb:7:in `index'
[active_model_serializers] Rendered ActiveModel::Serializer::CollectionSerializer with ActiveModelSerializers::Adapter::Attributes (0.4ms)
Completed 200 OK in 4ms (Views: 2.9ms | ActiveRecord: 0.4ms | Allocations: 1015)


Started GET "/api/v1/products_of_carts" for 127.0.0.1 at 2022-01-28 23:15:51 -0300
Processing by Api::V1::ProductsOfCartsController#index as */*
  [1m[36mProductsOfCart Load (0.4ms)[0m  [1m[34mSELECT "products_of_carts".* FROM "products_of_carts"[0m
  ↳ app/controllers/api/v1/products_of_carts_controller.rb:7:in `index'
[active_model_serializers] Rendered ActiveModel::Serializer::CollectionSerializer with ActiveModelSerializers::Adapter::Attributes (0.58ms)
Completed 200 OK in 4ms (Views: 3.5ms | ActiveRecord: 0.4ms | Allocations: 1014)


Started GET "/api/v1/products_of_carts" for 127.0.0.1 at 2022-01-28 23:15:51 -0300
Processing by Api::V1::ProductsOfCartsController#index as */*
  [1m[36mProductsOfCart Load (0.4ms)[0m  [1m[34mSELECT "products_of_carts".* FROM "products_of_carts"[0m
  ↳ app/controllers/api/v1/products_of_carts_controller.rb:7:in `index'
[active_model_serializers] Rendered ActiveModel::Serializer::CollectionSerializer with ActiveModelSerializers::Adapter::Attributes (0.27ms)
Completed 200 OK in 3ms (Views: 2.3ms | ActiveRecord: 0.4ms | Allocations: 1014)


Started GET "/api/v1/products_of_carts" for 127.0.0.1 at 2022-01-28 23:15:51 -0300
Processing by Api::V1::ProductsOfCartsController#index as */*
  [1m[36mProductsOfCart Load (0.3ms)[0m  [1m[34mSELECT "products_of_carts".* FROM "products_of_carts"[0m
  ↳ app/controllers/api/v1/products_of_carts_controller.rb:7:in `index'
[active_model_serializers] Rendered ActiveModel::Serializer::CollectionSerializer with ActiveModelSerializers::Adapter::Attributes (0.32ms)
Completed 200 OK in 3ms (Views: 2.3ms | ActiveRecord: 0.3ms | Allocations: 1014)


Started GET "/api/v1/products_of_carts" for 127.0.0.1 at 2022-01-28 23:15:52 -0300
Processing by Api::V1::ProductsOfCartsController#index as */*
  [1m[36mProductsOfCart Load (0.3ms)[0m  [1m[34mSELECT "products_of_carts".* FROM "products_of_carts"[0m
  ↳ app/controllers/api/v1/products_of_carts_controller.rb:7:in `index'
[active_model_serializers] Rendered ActiveModel::Serializer::CollectionSerializer with ActiveModelSerializers::Adapter::Attributes (0.4ms)
Completed 200 OK in 3ms (Views: 2.7ms | ActiveRecord: 0.3ms | Allocations: 1014)


Started GET "/api/v1/products_of_carts" for 127.0.0.1 at 2022-01-28 23:15:52 -0300
Processing by Api::V1::ProductsOfCartsController#index as */*
  [1m[36mProductsOfCart Load (0.3ms)[0m  [1m[34mSELECT "products_of_carts".* FROM "products_of_carts"[0m
  ↳ app/controllers/api/v1/products_of_carts_controller.rb:7:in `index'
[active_model_serializers] Rendered ActiveModel::Serializer::CollectionSerializer with ActiveModelSerializers::Adapter::Attributes (0.35ms)
Completed 200 OK in 3ms (Views: 2.5ms | ActiveRecord: 0.3ms | Allocations: 1014)


Started GET "/api/v1/products_of_carts" for 127.0.0.1 at 2022-01-28 23:15:52 -0300
Processing by Api::V1::ProductsOfCartsController#index as */*
  [1m[36mProductsOfCart Load (0.2ms)[0m  [1m[34mSELECT "products_of_carts".* FROM "products_of_carts"[0m
  ↳ app/controllers/api/v1/products_of_carts_controller.rb:7:in `index'
[active_model_serializers] Rendered ActiveModel::Serializer::CollectionSerializer with ActiveModelSerializers::Adapter::Attributes (0.33ms)
Completed 200 OK in 3ms (Views: 2.1ms | ActiveRecord: 0.2ms | Allocations: 1014)


Started GET "/api/v1/products_of_carts" for 127.0.0.1 at 2022-01-28 23:15:52 -0300
Processing by Api::V1::ProductsOfCartsController#index as */*
  [1m[36mProductsOfCart Load (0.4ms)[0m  [1m[34mSELECT "products_of_carts".* FROM "products_of_carts"[0m
  ↳ app/controllers/api/v1/products_of_carts_controller.rb:7:in `index'
[active_model_serializers] Rendered ActiveModel::Serializer::CollectionSerializer with ActiveModelSerializers::Adapter::Attributes (0.84ms)
Completed 200 OK in 5ms (Views: 4.3ms | ActiveRecord: 0.4ms | Allocations: 1014)


Started GET "/api/v1/products_of_carts" for 127.0.0.1 at 2022-01-28 23:15:53 -0300
Processing by Api::V1::ProductsOfCartsController#index as */*
  [1m[36mProductsOfCart Load (0.3ms)[0m  [1m[34mSELECT "products_of_carts".* FROM "products_of_carts"[0m
  ↳ app/controllers/api/v1/products_of_carts_controller.rb:7:in `index'
[active_model_serializers] Rendered ActiveModel::Serializer::CollectionSerializer with ActiveModelSerializers::Adapter::Attributes (0.34ms)
Completed 200 OK in 3ms (Views: 2.2ms | ActiveRecord: 0.3ms | Allocations: 1014)


Started GET "/api/v1/products_of_carts" for 127.0.0.1 at 2022-01-28 23:15:53 -0300
Processing by Api::V1::ProductsOfCartsController#index as */*
  [1m[36mProductsOfCart Load (0.4ms)[0m  [1m[34mSELECT "products_of_carts".* FROM "products_of_carts"[0m
  ↳ app/controllers/api/v1/products_of_carts_controller.rb:7:in `index'
[active_model_serializers] Rendered ActiveModel::Serializer::CollectionSerializer with ActiveModelSerializers::Adapter::Attributes (0.64ms)
Completed 200 OK in 5ms (Views: 4.2ms | ActiveRecord: 0.4ms | Allocations: 1014)


Started GET "/api/v1/products_of_carts" for 127.0.0.1 at 2022-01-28 23:15:53 -0300
Processing by Api::V1::ProductsOfCartsController#index as */*
  [1m[36mProductsOfCart Load (0.4ms)[0m  [1m[34mSELECT "products_of_carts".* FROM "products_of_carts"[0m
  ↳ app/controllers/api/v1/products_of_carts_controller.rb:7:in `index'
[active_model_serializers] Rendered ActiveModel::Serializer::CollectionSerializer with ActiveModelSerializers::Adapter::Attributes (0.47ms)
Completed 200 OK in 4ms (Views: 3.2ms | ActiveRecord: 0.4ms | Allocations: 1014)


Started GET "/api/v1/products_of_carts" for 127.0.0.1 at 2022-01-28 23:15:53 -0300
Processing by Api::V1::ProductsOfCartsController#index as */*
  [1m[36mProductsOfCart Load (0.3ms)[0m  [1m[34mSELECT "products_of_carts".* FROM "products_of_carts"[0m
  ↳ app/controllers/api/v1/products_of_carts_controller.rb:7:in `index'
[active_model_serializers] Rendered ActiveModel::Serializer::CollectionSerializer with ActiveModelSerializers::Adapter::Attributes (0.38ms)
Completed 200 OK in 3ms (Views: 2.6ms | ActiveRecord: 0.3ms | Allocations: 1014)


Started GET "/api/v1/products_of_carts" for 127.0.0.1 at 2022-01-28 23:15:54 -0300
Processing by Api::V1::ProductsOfCartsController#index as */*
  [1m[36mProductsOfCart Load (0.3ms)[0m  [1m[34mSELECT "products_of_carts".* FROM "products_of_carts"[0m
  ↳ app/controllers/api/v1/products_of_carts_controller.rb:7:in `index'
[active_model_serializers] Rendered ActiveModel::Serializer::CollectionSerializer with ActiveModelSerializers::Adapter::Attributes (0.34ms)
Completed 200 OK in 4ms (Views: 2.9ms | ActiveRecord: 0.3ms | Allocations: 1014)


Started GET "/api/v1/products_of_carts" for 127.0.0.1 at 2022-01-28 23:16:07 -0300
Processing by Api::V1::ProductsOfCartsController#index as */*
  [1m[36mProductsOfCart Load (0.1ms)[0m  [1m[34mSELECT "products_of_carts".* FROM "products_of_carts"[0m
  ↳ app/controllers/api/v1/products_of_carts_controller.rb:7:in `index'
No serializer found for resource: #<ProductsOfCart id: 2, product_id: 6, length_product: 1, price_for_product: 4.21, off_for_product: 0.1, created_at: "2022-01-06 19:59:20.754393000 +0000", updated_at: "2022-01-06 19:59:20.754393000 +0000", shopping_cart_id: 4>
[active_model_serializers] Rendered ActiveModel::Serializer::CollectionSerializer with ProductsOfCart::ActiveRecord_Relation (0.44ms)
Completed 200 OK in 10ms (Views: 6.9ms | ActiveRecord: 2.1ms | Allocations: 6403)


Started GET "/api/v1/shopping_carts" for 127.0.0.1 at 2022-01-28 23:19:06 -0300
Processing by Api::V1::ShoppingCartsController#index as */*
  [1m[36mShoppingCart Load (0.1ms)[0m  [1m[34mSELECT "shopping_carts".* FROM "shopping_carts"[0m
  ↳ app/controllers/api/v1/shopping_carts_controller.rb:8:in `index'
No serializer found for resource: #<ShoppingCart id: 4, total_price: 0.0, created_at: "2022-01-06 19:40:00.979435000 +0000", updated_at: "2022-01-06 19:46:45.341248000 +0000">
[active_model_serializers] Rendered ActiveModel::Serializer::CollectionSerializer with ShoppingCart::ActiveRecord_Relation (0.12ms)
Completed 200 OK in 7ms (Views: 4.3ms | ActiveRecord: 2.1ms | Allocations: 3775)


Started GET "/api/v1/shopping_carts" for 127.0.0.1 at 2022-01-28 23:19:07 -0300
Processing by Api::V1::ShoppingCartsController#index as */*
  [1m[36mShoppingCart Load (0.3ms)[0m  [1m[34mSELECT "shopping_carts".* FROM "shopping_carts"[0m
  ↳ app/controllers/api/v1/shopping_carts_controller.rb:8:in `index'
No serializer found for resource: #<ShoppingCart id: 4, total_price: 0.0, created_at: "2022-01-06 19:40:00.979435000 +0000", updated_at: "2022-01-06 19:46:45.341248000 +0000">
[active_model_serializers] Rendered ActiveModel::Serializer::CollectionSerializer with ShoppingCart::ActiveRecord_Relation (0.17ms)
Completed 200 OK in 3ms (Views: 2.5ms | ActiveRecord: 0.3ms | Allocations: 868)


Started GET "/api/v1/shopping_carts" for 127.0.0.1 at 2022-01-28 23:19:08 -0300
Processing by Api::V1::ShoppingCartsController#index as */*
  [1m[36mShoppingCart Load (0.2ms)[0m  [1m[34mSELECT "shopping_carts".* FROM "shopping_carts"[0m
  ↳ app/controllers/api/v1/shopping_carts_controller.rb:8:in `index'
No serializer found for resource: #<ShoppingCart id: 4, total_price: 0.0, created_at: "2022-01-06 19:40:00.979435000 +0000", updated_at: "2022-01-06 19:46:45.341248000 +0000">
[active_model_serializers] Rendered ActiveModel::Serializer::CollectionSerializer with ShoppingCart::ActiveRecord_Relation (0.14ms)
Completed 200 OK in 3ms (Views: 2.2ms | ActiveRecord: 0.2ms | Allocations: 868)


Started GET "/api/v1/shopping_carts" for 127.0.0.1 at 2022-01-28 23:19:08 -0300
Processing by Api::V1::ShoppingCartsController#index as */*
  [1m[36mShoppingCart Load (0.3ms)[0m  [1m[34mSELECT "shopping_carts".* FROM "shopping_carts"[0m
  ↳ app/controllers/api/v1/shopping_carts_controller.rb:8:in `index'
No serializer found for resource: #<ShoppingCart id: 4, total_price: 0.0, created_at: "2022-01-06 19:40:00.979435000 +0000", updated_at: "2022-01-06 19:46:45.341248000 +0000">
[active_model_serializers] Rendered ActiveModel::Serializer::CollectionSerializer with ShoppingCart::ActiveRecord_Relation (0.18ms)
Completed 200 OK in 3ms (Views: 2.4ms | ActiveRecord: 0.3ms | Allocations: 868)


Started GET "/api/v1/shopping_carts" for 127.0.0.1 at 2022-01-28 23:19:08 -0300
Processing by Api::V1::ShoppingCartsController#index as */*
  [1m[36mShoppingCart Load (0.2ms)[0m  [1m[34mSELECT "shopping_carts".* FROM "shopping_carts"[0m
  ↳ app/controllers/api/v1/shopping_carts_controller.rb:8:in `index'
No serializer found for resource: #<ShoppingCart id: 4, total_price: 0.0, created_at: "2022-01-06 19:40:00.979435000 +0000", updated_at: "2022-01-06 19:46:45.341248000 +0000">
[active_model_serializers] Rendered ActiveModel::Serializer::CollectionSerializer with ShoppingCart::ActiveRecord_Relation (0.2ms)
Completed 200 OK in 3ms (Views: 2.4ms | ActiveRecord: 0.2ms | Allocations: 868)


Started PUT "/api/v1/products_of_carts/1" for 127.0.0.1 at 2022-01-28 23:20:10 -0300
Processing by Api::V1::ProductsOfCartsController#update as */*
  Parameters: {"data"=>{"attributes"=>{"product-id"=>5, "length-product"=>2, "shopping-cart-id"=>4, "price-for-product"=>74.29, "off-for-product"=>0.1}}, "id"=>"1", "products_of_cart"=>{}}
  [1m[36mProductsOfCart Load (0.2ms)[0m  [1m[34mSELECT "products_of_carts".* FROM "products_of_carts" WHERE "products_of_carts"."id" = $1 LIMIT $2[0m  [["id", 1], ["LIMIT", 1]]
  ↳ app/controllers/api/v1/products_of_carts_controller.rb:49:in `set_products_of_cart'
  [1m[36mTRANSACTION (0.1ms)[0m  [1m[35mBEGIN[0m
  ↳ app/controllers/api/v1/products_of_carts_controller.rb:32:in `update'
  [1m[36mProduct Load (0.2ms)[0m  [1m[34mSELECT "products".* FROM "products" WHERE "products"."id" = $1 LIMIT $2[0m  [["id", 5], ["LIMIT", 1]]
  ↳ app/controllers/api/v1/products_of_carts_controller.rb:32:in `update'
  [1m[36mTRANSACTION (0.2ms)[0m  [1m[35mCOMMIT[0m
  ↳ app/controllers/api/v1/products_of_carts_controller.rb:32:in `update'
[active_model_serializers] Rendered ActiveModel::Serializer::Null with ProductsOfCart (0.29ms)
Completed 201 Created in 24ms (Views: 3.7ms | ActiveRecord: 5.9ms | Allocations: 12588)


Started GET "/api/v1/products_of_carts" for 127.0.0.1 at 2022-01-28 23:23:01 -0300
Processing by Api::V1::ProductsOfCartsController#index as */*
  [1m[36mProductsOfCart Load (0.4ms)[0m  [1m[34mSELECT "products_of_carts".* FROM "products_of_carts"[0m
  ↳ app/controllers/api/v1/products_of_carts_controller.rb:7:in `index'
No serializer found for resource: #<ProductsOfCart id: 2, product_id: 6, length_product: 1, price_for_product: 4.21, off_for_product: 0.1, created_at: "2022-01-06 19:59:20.754393000 +0000", updated_at: "2022-01-06 19:59:20.754393000 +0000", shopping_cart_id: 4>
[active_model_serializers] Rendered ActiveModel::Serializer::CollectionSerializer with ProductsOfCart::ActiveRecord_Relation (0.35ms)
Completed 200 OK in 4ms (Views: 2.9ms | ActiveRecord: 0.4ms | Allocations: 1123)


Started GET "/api/v1/products_of_carts" for 127.0.0.1 at 2022-01-28 23:23:37 -0300
Processing by Api::V1::ProductsOfCartsController#index as */*
  [1m[36mProductsOfCart Load (0.1ms)[0m  [1m[34mSELECT "products_of_carts".* FROM "products_of_carts"[0m
  ↳ app/controllers/api/v1/products_of_carts_controller.rb:7:in `index'
No serializer found for resource: #<ProductsOfCart id: 2, product_id: 6, length_product: 1, price_for_product: 4.21, off_for_product: 0.1, created_at: "2022-01-06 19:59:20.754393000 +0000", updated_at: "2022-01-06 19:59:20.754393000 +0000", shopping_cart_id: 4>
[active_model_serializers] Rendered ActiveModel::Serializer::CollectionSerializer with ProductsOfCart::ActiveRecord_Relation (0.28ms)
Completed 200 OK in 10ms (Views: 6.1ms | ActiveRecord: 2.8ms | Allocations: 6356)


Started PUT "/api/v1/shopping_carts/1" for 127.0.0.1 at 2022-01-28 23:24:25 -0300
Processing by Api::V1::ShoppingCartsController#update as */*
  Parameters: {"data"=>{"attributes"=>{"id"=>4, "total_price"=>1}}, "id"=>"1", "shopping_cart"=>{}}
  [1m[36mShoppingCart Load (0.2ms)[0m  [1m[34mSELECT "shopping_carts".* FROM "shopping_carts" WHERE "shopping_carts"."id" = $1 LIMIT $2[0m  [["id", 1], ["LIMIT", 1]]
  ↳ app/controllers/api/v1/shopping_carts_controller.rb:56:in `set_shopping_cart'
Completed 404 Not Found in 2ms (ActiveRecord: 1.8ms | Allocations: 672)


  
ActiveRecord::RecordNotFound (Couldn't find ShoppingCart with 'id'=1):
  
app/controllers/api/v1/shopping_carts_controller.rb:56:in `set_shopping_cart'
Started GET "/api/v1/shopping_carts" for 127.0.0.1 at 2022-01-28 23:24:47 -0300
Processing by Api::V1::ShoppingCartsController#index as */*
  [1m[36mShoppingCart Load (0.3ms)[0m  [1m[34mSELECT "shopping_carts".* FROM "shopping_carts"[0m
  ↳ app/controllers/api/v1/shopping_carts_controller.rb:8:in `index'
No serializer found for resource: #<ShoppingCart id: 4, total_price: 0.0, created_at: "2022-01-06 19:40:00.979435000 +0000", updated_at: "2022-01-06 19:46:45.341248000 +0000">
[active_model_serializers] Rendered ActiveModel::Serializer::CollectionSerializer with ShoppingCart::ActiveRecord_Relation (0.18ms)
Completed 200 OK in 7ms (Views: 5.9ms | ActiveRecord: 0.3ms | Allocations: 2824)


Started GET "/api/v1/shopping_carts" for 127.0.0.1 at 2022-01-28 23:24:47 -0300
Processing by Api::V1::ShoppingCartsController#index as */*
  [1m[36mShoppingCart Load (0.2ms)[0m  [1m[34mSELECT "shopping_carts".* FROM "shopping_carts"[0m
  ↳ app/controllers/api/v1/shopping_carts_controller.rb:8:in `index'
No serializer found for resource: #<ShoppingCart id: 4, total_price: 0.0, created_at: "2022-01-06 19:40:00.979435000 +0000", updated_at: "2022-01-06 19:46:45.341248000 +0000">
[active_model_serializers] Rendered ActiveModel::Serializer::CollectionSerializer with ShoppingCart::ActiveRecord_Relation (0.11ms)
Completed 200 OK in 2ms (Views: 2.0ms | ActiveRecord: 0.2ms | Allocations: 868)


Started GET "/api/v1/shopping_carts" for 127.0.0.1 at 2022-01-28 23:24:48 -0300
Processing by Api::V1::ShoppingCartsController#index as */*
  [1m[36mShoppingCart Load (0.2ms)[0m  [1m[34mSELECT "shopping_carts".* FROM "shopping_carts"[0m
  ↳ app/controllers/api/v1/shopping_carts_controller.rb:8:in `index'
No serializer found for resource: #<ShoppingCart id: 4, total_price: 0.0, created_at: "2022-01-06 19:40:00.979435000 +0000", updated_at: "2022-01-06 19:46:45.341248000 +0000">
[active_model_serializers] Rendered ActiveModel::Serializer::CollectionSerializer with ShoppingCart::ActiveRecord_Relation (0.1ms)
Completed 200 OK in 2ms (Views: 1.8ms | ActiveRecord: 0.2ms | Allocations: 868)


Started GET "/api/v1/shopping_carts" for 127.0.0.1 at 2022-01-28 23:24:48 -0300
Processing by Api::V1::ShoppingCartsController#index as */*
  [1m[36mShoppingCart Load (0.2ms)[0m  [1m[34mSELECT "shopping_carts".* FROM "shopping_carts"[0m
  ↳ app/controllers/api/v1/shopping_carts_controller.rb:8:in `index'
No serializer found for resource: #<ShoppingCart id: 4, total_price: 0.0, created_at: "2022-01-06 19:40:00.979435000 +0000", updated_at: "2022-01-06 19:46:45.341248000 +0000">
[active_model_serializers] Rendered ActiveModel::Serializer::CollectionSerializer with ShoppingCart::ActiveRecord_Relation (0.2ms)
Completed 200 OK in 3ms (Views: 2.7ms | ActiveRecord: 0.2ms | Allocations: 868)


Started PUT "/api/v1/shopping_carts/1" for 127.0.0.1 at 2022-01-28 23:24:56 -0300
Processing by Api::V1::ShoppingCartsController#update as */*
  Parameters: {"data"=>{"attributes"=>{"id"=>4, "total_price"=>1}}, "id"=>"1", "shopping_cart"=>{}}
  [1m[36mShoppingCart Load (0.2ms)[0m  [1m[34mSELECT "shopping_carts".* FROM "shopping_carts" WHERE "shopping_carts"."id" = $1 LIMIT $2[0m  [["id", 1], ["LIMIT", 1]]
  ↳ app/controllers/api/v1/shopping_carts_controller.rb:56:in `set_shopping_cart'
Completed 404 Not Found in 1ms (ActiveRecord: 0.2ms | Allocations: 502)


  
ActiveRecord::RecordNotFound (Couldn't find ShoppingCart with 'id'=1):
  
app/controllers/api/v1/shopping_carts_controller.rb:56:in `set_shopping_cart'
Started PUT "/api/v1/shopping_carts/1" for 127.0.0.1 at 2022-01-28 23:24:57 -0300
Processing by Api::V1::ShoppingCartsController#update as */*
  Parameters: {"data"=>{"attributes"=>{"id"=>4, "total_price"=>1}}, "id"=>"1", "shopping_cart"=>{}}
  [1m[36mShoppingCart Load (0.2ms)[0m  [1m[34mSELECT "shopping_carts".* FROM "shopping_carts" WHERE "shopping_carts"."id" = $1 LIMIT $2[0m  [["id", 1], ["LIMIT", 1]]
  ↳ app/controllers/api/v1/shopping_carts_controller.rb:56:in `set_shopping_cart'
Completed 404 Not Found in 1ms (ActiveRecord: 0.2ms | Allocations: 501)


  
ActiveRecord::RecordNotFound (Couldn't find ShoppingCart with 'id'=1):
  
app/controllers/api/v1/shopping_carts_controller.rb:56:in `set_shopping_cart'
Started PUT "/api/v1/shopping_carts/1" for 127.0.0.1 at 2022-01-28 23:25:01 -0300
Processing by Api::V1::ShoppingCartsController#update as */*
  Parameters: {"data"=>{"attributes"=>{"id"=>4, "total_price"=>1}}, "id"=>"1", "shopping_cart"=>{}}
  [1m[36mShoppingCart Load (0.2ms)[0m  [1m[34mSELECT "shopping_carts".* FROM "shopping_carts" WHERE "shopping_carts"."id" = $1 LIMIT $2[0m  [["id", 1], ["LIMIT", 1]]
  ↳ app/controllers/api/v1/shopping_carts_controller.rb:56:in `set_shopping_cart'
Completed 404 Not Found in 1ms (ActiveRecord: 0.2ms | Allocations: 501)


  
ActiveRecord::RecordNotFound (Couldn't find ShoppingCart with 'id'=1):
  
app/controllers/api/v1/shopping_carts_controller.rb:56:in `set_shopping_cart'
Started PUT "/api/v1/shopping_carts/4" for 127.0.0.1 at 2022-01-28 23:25:16 -0300
Processing by Api::V1::ShoppingCartsController#update as */*
  Parameters: {"data"=>{"attributes"=>{"id"=>4, "total_price"=>1}}, "id"=>"4", "shopping_cart"=>{}}
  [1m[36mShoppingCart Load (0.4ms)[0m  [1m[34mSELECT "shopping_carts".* FROM "shopping_carts" WHERE "shopping_carts"."id" = $1 LIMIT $2[0m  [["id", 4], ["LIMIT", 1]]
  ↳ app/controllers/api/v1/shopping_carts_controller.rb:56:in `set_shopping_cart'
  [1m[36mProductsOfCart Load (0.6ms)[0m  [1m[34mSELECT "products_of_carts".* FROM "products_of_carts" WHERE "products_of_carts"."shopping_cart_id" = $1 /* loading for inspect */ LIMIT $2[0m  [["shopping_cart_id", 4], ["LIMIT", 11]]
  ↳ app/controllers/api/v1/shopping_carts_controller.rb:51:in `check_availability'
  [1m[36mProductsOfCart Load (0.6ms)[0m  [1m[34mSELECT "products_of_carts".* FROM "products_of_carts" WHERE "products_of_carts"."shopping_cart_id" = $1[0m  [["shopping_cart_id", 4]]
  ↳ (byebug):1:in `map'
  [1m[36mTRANSACTION (0.4ms)[0m  [1m[35mBEGIN[0m
  ↳ app/controllers/api/v1/shopping_carts_controller.rb:33:in `update'
  [1m[36mShoppingCart Update (3.8ms)[0m  [1m[33mUPDATE "shopping_carts" SET "total_price" = $1, "updated_at" = $2 WHERE "shopping_carts"."id" = $3[0m  [["total_price", 1.0], ["updated_at", "2022-01-29 02:25:37.596149"], ["id", 4]]
  ↳ app/controllers/api/v1/shopping_carts_controller.rb:33:in `update'
  [1m[36mTRANSACTION (0.7ms)[0m  [1m[35mCOMMIT[0m
  ↳ app/controllers/api/v1/shopping_carts_controller.rb:33:in `update'
[active_model_serializers] Rendered ActiveModel::Serializer::Null with ShoppingCart (0.22ms)
Completed 201 Created in 21601ms (Views: 0.8ms | ActiveRecord: 6.4ms | Allocations: 41728)


Started PUT "/api/v1/shopping_carts/41" for 127.0.0.1 at 2022-01-28 23:26:02 -0300
Processing by Api::V1::ShoppingCartsController#update as */*
  Parameters: {"data"=>{"attributes"=>{"id"=>4, "total_price"=>1}}, "id"=>"41", "shopping_cart"=>{}}
  [1m[36mShoppingCart Load (0.2ms)[0m  [1m[34mSELECT "shopping_carts".* FROM "shopping_carts" WHERE "shopping_carts"."id" = $1 LIMIT $2[0m  [["id", 41], ["LIMIT", 1]]
  ↳ app/controllers/api/v1/shopping_carts_controller.rb:56:in `set_shopping_cart'
Completed 404 Not Found in 1ms (ActiveRecord: 0.2ms | Allocations: 502)


  
ActiveRecord::RecordNotFound (Couldn't find ShoppingCart with 'id'=41):
  
app/controllers/api/v1/shopping_carts_controller.rb:56:in `set_shopping_cart'
Started PUT "/api/v1/shopping_carts/41" for 127.0.0.1 at 2022-01-28 23:26:07 -0300
Processing by Api::V1::ShoppingCartsController#update as */*
  Parameters: {"data"=>{"attributes"=>{"id"=>4, "total_price"=>1}}, "id"=>"41", "shopping_cart"=>{}}
  [1m[36mShoppingCart Load (0.2ms)[0m  [1m[34mSELECT "shopping_carts".* FROM "shopping_carts" WHERE "shopping_carts"."id" = $1 LIMIT $2[0m  [["id", 41], ["LIMIT", 1]]
  ↳ app/controllers/api/v1/shopping_carts_controller.rb:56:in `set_shopping_cart'
Completed 404 Not Found in 2ms (ActiveRecord: 0.2ms | Allocations: 501)


  
ActiveRecord::RecordNotFound (Couldn't find ShoppingCart with 'id'=41):
  
app/controllers/api/v1/shopping_carts_controller.rb:56:in `set_shopping_cart'
  [1m[36mShoppingCart Load (0.2ms)[0m  [1m[34mSELECT "shopping_carts".* FROM "shopping_carts" WHERE "shopping_carts"."id" = $1 LIMIT $2[0m  [["id", 33], ["LIMIT", 1]]
  [1m[36mShoppingCart Load (0.6ms)[0m  [1m[34mSELECT "shopping_carts".* FROM "shopping_carts" WHERE "shopping_carts"."id" = $1 LIMIT $2[0m  [["id", 33], ["LIMIT", 1]]
Started PUT "/api/v1/shopping_carts/41" for 127.0.0.1 at 2022-01-28 23:41:03 -0300
Processing by Api::V1::ShoppingCartsController#update as */*
  Parameters: {"data"=>{"attributes"=>{"id"=>4, "total_price"=>1}}, "id"=>"41", "shopping_cart"=>{}}
  [1m[36mShoppingCart Load (0.2ms)[0m  [1m[34mSELECT "shopping_carts".* FROM "shopping_carts" WHERE "shopping_carts"."id" = $1 LIMIT $2[0m  [["id", 41], ["LIMIT", 1]]
  ↳ app/controllers/api/v1/shopping_carts_controller.rb:66:in `set_shopping_cart'
Completed 404 Not Found in 2ms (ActiveRecord: 3.0ms | Allocations: 705)


  
ActiveRecord::RecordNotFound (Couldn't find ShoppingCart with 'id'=41):
  
app/controllers/api/v1/shopping_carts_controller.rb:66:in `set_shopping_cart'
Started PUT "/api/v1/shopping_carts/4" for 127.0.0.1 at 2022-01-28 23:41:13 -0300
Processing by Api::V1::ShoppingCartsController#update as */*
  Parameters: {"data"=>{"attributes"=>{"id"=>4, "total_price"=>1}}, "id"=>"4", "shopping_cart"=>{}}
  [1m[36mShoppingCart Load (0.2ms)[0m  [1m[34mSELECT "shopping_carts".* FROM "shopping_carts" WHERE "shopping_carts"."id" = $1 LIMIT $2[0m  [["id", 4], ["LIMIT", 1]]
  ↳ app/controllers/api/v1/shopping_carts_controller.rb:66:in `set_shopping_cart'
Completed 500 Internal Server Error in 9ms (ActiveRecord: 0.2ms | Allocations: 3762)


  
NameError (undefined local variable or method `shopping_carts' for #<Api::V1::ShoppingCartsController:0x007ff1b032b0f0>
Did you mean?  @shopping_cart):
  
app/controllers/api/v1/shopping_carts_controller.rb:56:in `sum_price_shopping_car'
app/controllers/api/v1/shopping_carts_controller.rb:34:in `update'
Started PUT "/api/v1/shopping_carts/4" for 127.0.0.1 at 2022-01-28 23:42:05 -0300
Processing by Api::V1::ShoppingCartsController#update as */*
  Parameters: {"data"=>{"attributes"=>{"id"=>4, "total_price"=>1}}, "id"=>"4", "shopping_cart"=>{}}
  [1m[36mShoppingCart Load (0.4ms)[0m  [1m[34mSELECT "shopping_carts".* FROM "shopping_carts" WHERE "shopping_carts"."id" = $1 LIMIT $2[0m  [["id", 4], ["LIMIT", 1]]
  ↳ app/controllers/api/v1/shopping_carts_controller.rb:67:in `set_shopping_cart'
Completed 500 Internal Server Error in 10ms (ActiveRecord: 8.0ms | Allocations: 2804)


  
NoMethodError (undefined method `total_price' for nil:NilClass):
  
app/controllers/api/v1/shopping_carts_controller.rb:56:in `sum_price_shopping_car'
app/controllers/api/v1/shopping_carts_controller.rb:34:in `update'
Started PUT "/api/v1/shopping_carts/4" for 127.0.0.1 at 2022-01-28 23:42:32 -0300
Processing by Api::V1::ShoppingCartsController#update as */*
  Parameters: {"data"=>{"attributes"=>{"id"=>4, "total_price"=>1}}, "id"=>"4", "shopping_cart"=>{}}
  [1m[36mShoppingCart Load (0.2ms)[0m  [1m[34mSELECT "shopping_carts".* FROM "shopping_carts" WHERE "shopping_carts"."id" = $1 LIMIT $2[0m  [["id", 4], ["LIMIT", 1]]
  ↳ app/controllers/api/v1/shopping_carts_controller.rb:68:in `set_shopping_cart'
  [1m[36mCACHE ShoppingCart Load (0.0ms)[0m  [1m[34mSELECT "shopping_carts".* FROM "shopping_carts" WHERE "shopping_carts"."id" = $1 LIMIT $2[0m  [["id", 4], ["LIMIT", 1]]
  ↳ (byebug):1:in `sum_price_shopping_car'
Completed 500 Internal Server Error in 81036ms (ActiveRecord: 2.6ms | Allocations: 10293)


  
NoMethodError (undefined method `total_price' for nil:NilClass):
  
app/controllers/api/v1/shopping_carts_controller.rb:57:in `sum_price_shopping_car'
app/controllers/api/v1/shopping_carts_controller.rb:34:in `update'
Started PUT "/api/v1/shopping_carts/4" for 127.0.0.1 at 2022-01-28 23:43:55 -0300
Processing by Api::V1::ShoppingCartsController#update as */*
  Parameters: {"data"=>{"attributes"=>{"id"=>4, "total_price"=>1}}, "id"=>"4", "shopping_cart"=>{}}
  [1m[36mShoppingCart Load (0.4ms)[0m  [1m[34mSELECT "shopping_carts".* FROM "shopping_carts" WHERE "shopping_carts"."id" = $1 LIMIT $2[0m  [["id", 4], ["LIMIT", 1]]
  ↳ app/controllers/api/v1/shopping_carts_controller.rb:68:in `set_shopping_cart'
Completed 500 Internal Server Error in 1870ms (ActiveRecord: 8.3ms | Allocations: 6100)


  
NameError (undefined local variable or method `shopping_carts' for #<Api::V1::ShoppingCartsController:0x007ff1b063cb40>
Did you mean?  shopping_cart
               @shopping_cart):
  
app/controllers/api/v1/shopping_carts_controller.rb:57:in `sum_price_shopping_car'
app/controllers/api/v1/shopping_carts_controller.rb:34:in `update'
Started PUT "/api/v1/shopping_carts/4" for 127.0.0.1 at 2022-01-28 23:44:51 -0300
Processing by Api::V1::ShoppingCartsController#update as */*
  Parameters: {"data"=>{"attributes"=>{"id"=>4, "total_price"=>1}}, "id"=>"4", "shopping_cart"=>{}}
  [1m[36mShoppingCart Load (0.4ms)[0m  [1m[34mSELECT "shopping_carts".* FROM "shopping_carts" WHERE "shopping_carts"."id" = $1 LIMIT $2[0m  [["id", 4], ["LIMIT", 1]]
  ↳ app/controllers/api/v1/shopping_carts_controller.rb:67:in `set_shopping_cart'
  [1m[36mProductsOfCart Load (0.4ms)[0m  [1m[34mSELECT "products_of_carts".* FROM "products_of_carts" WHERE "products_of_carts"."shopping_cart_id" = $1[0m  [["shopping_cart_id", 4]]
  ↳ app/controllers/api/v1/shopping_carts_controller.rb:58:in `sum_price_shopping_car'
  [1m[36mTRANSACTION (0.2ms)[0m  [1m[35mBEGIN[0m
  ↳ app/controllers/api/v1/shopping_carts_controller.rb:34:in `update'
  [1m[36mShoppingCart Update (0.3ms)[0m  [1m[33mUPDATE "shopping_carts" SET "total_price" = $1, "updated_at" = $2 WHERE "shopping_carts"."id" = $3[0m  [["total_price", 763.3109999999999], ["updated_at", "2022-01-29 02:44:51.619302"], ["id", 4]]
  ↳ app/controllers/api/v1/shopping_carts_controller.rb:34:in `update'
  [1m[36mTRANSACTION (0.5ms)[0m  [1m[35mCOMMIT[0m
  ↳ app/controllers/api/v1/shopping_carts_controller.rb:34:in `update'
[active_model_serializers] Rendered ActiveModel::Serializer::Null with ShoppingCart (0.14ms)
Completed 201 Created in 25ms (Views: 1.0ms | ActiveRecord: 9.0ms | Allocations: 9661)


Started GET "/api/v1/shopping_carts" for 127.0.0.1 at 2022-01-28 23:45:13 -0300
Processing by Api::V1::ShoppingCartsController#index as */*
  [1m[36mShoppingCart Load (0.3ms)[0m  [1m[34mSELECT "shopping_carts".* FROM "shopping_carts"[0m
  ↳ app/controllers/api/v1/shopping_carts_controller.rb:8:in `index'
No serializer found for resource: #<ShoppingCart id: 4, total_price: 763.3109999999999, created_at: "2022-01-06 19:40:00.979435000 +0000", updated_at: "2022-01-29 02:44:51.619302000 +0000">
[active_model_serializers] Rendered ActiveModel::Serializer::CollectionSerializer with ShoppingCart::ActiveRecord_Relation (0.15ms)
Completed 200 OK in 3ms (Views: 2.5ms | ActiveRecord: 0.3ms | Allocations: 868)


  [1m[36mDelivery Load (0.8ms)[0m  [1m[34mSELECT "deliveries".* FROM "deliveries" /* loading for inspect */ LIMIT $1[0m  [["LIMIT", 11]]
Started GET "/api/v1/products/9" for 127.0.0.1 at 2022-02-03 21:58:36 -0300
  [1m[35m (1.1ms)[0m  [1m[34mSELECT "schema_migrations"."version" FROM "schema_migrations" ORDER BY "schema_migrations"."version" ASC[0m
Processing by Api::V1::ProductsController#show as */*
  Parameters: {"id"=>"9"}
  [1m[36mProduct Load (0.8ms)[0m  [1m[34mSELECT "products".* FROM "products" WHERE "products"."id" = $1 LIMIT $2[0m  [["id", 9], ["LIMIT", 1]]
  ↳ app/controllers/api/v1/products_controller.rb:49:in `set_product'
  [1m[36mStock Load (0.8ms)[0m  [1m[34mSELECT "stocks".* FROM "stocks" WHERE "stocks"."product_id" = $1[0m  [["product_id", 9]]
  ↳ app/controllers/api/v1/products_controller.rb:49:in `set_product'
  [1m[36mContent Load (0.7ms)[0m  [1m[34mSELECT "contents".* FROM "contents" WHERE "contents"."product_id" = $1[0m  [["product_id", 9]]
  ↳ app/controllers/api/v1/products_controller.rb:49:in `set_product'
[active_model_serializers] Rendered ActiveModel::Serializer::Null with Product (0.31ms)
Completed 200 OK in 36ms (Views: 2.6ms | ActiveRecord: 6.7ms | Allocations: 18843)


Started GET "/api/v1/products/10" for 127.0.0.1 at 2022-02-03 22:03:21 -0300
Processing by Api::V1::ProductsController#show as */*
  Parameters: {"id"=>"10"}
  [1m[36mProduct Load (0.2ms)[0m  [1m[34mSELECT "products".* FROM "products" WHERE "products"."id" = $1 LIMIT $2[0m  [["id", 10], ["LIMIT", 1]]
  ↳ app/controllers/api/v1/products_controller.rb:49:in `set_product'
  [1m[36mStock Load (0.2ms)[0m  [1m[34mSELECT "stocks".* FROM "stocks" WHERE "stocks"."product_id" = $1[0m  [["product_id", 10]]
  ↳ app/controllers/api/v1/products_controller.rb:49:in `set_product'
  [1m[36mContent Load (0.2ms)[0m  [1m[34mSELECT "contents".* FROM "contents" WHERE "contents"."product_id" = $1[0m  [["product_id", 10]]
  ↳ app/controllers/api/v1/products_controller.rb:49:in `set_product'
[active_model_serializers] Rendered ActiveModel::Serializer::Null with Product (0.2ms)
Completed 200 OK in 4ms (Views: 0.5ms | ActiveRecord: 0.5ms | Allocations: 2372)


Started GET "/api/v1/products/18" for 127.0.0.1 at 2022-02-03 22:03:23 -0300
Processing by Api::V1::ProductsController#show as */*
  Parameters: {"id"=>"18"}
  [1m[36mProduct Load (0.4ms)[0m  [1m[34mSELECT "products".* FROM "products" WHERE "products"."id" = $1 LIMIT $2[0m  [["id", 18], ["LIMIT", 1]]
  ↳ app/controllers/api/v1/products_controller.rb:49:in `set_product'
Completed 500 Internal Server Error in 6ms (ActiveRecord: 0.4ms | Allocations: 2240)


  
NameError (uninitialized constant Api::V1::ProductsController::ErrorSerializer):
  
app/controllers/api/v1/products_controller.rb:14:in `show'
Started GET "/api/v1/products/10" for 127.0.0.1 at 2022-02-03 22:04:19 -0300
Processing by Api::V1::ProductsController#show as */*
  Parameters: {"id"=>"10"}
  [1m[36mProduct Load (0.3ms)[0m  [1m[34mSELECT "products".* FROM "products" WHERE "products"."id" = $1 LIMIT $2[0m  [["id", 10], ["LIMIT", 1]]
  ↳ app/controllers/api/v1/products_controller.rb:49:in `set_product'
  [1m[36mStock Load (0.4ms)[0m  [1m[34mSELECT "stocks".* FROM "stocks" WHERE "stocks"."product_id" = $1[0m  [["product_id", 10]]
  ↳ app/controllers/api/v1/products_controller.rb:49:in `set_product'
  [1m[36mContent Load (0.3ms)[0m  [1m[34mSELECT "contents".* FROM "contents" WHERE "contents"."product_id" = $1[0m  [["product_id", 10]]
  ↳ app/controllers/api/v1/products_controller.rb:49:in `set_product'
[active_model_serializers] Rendered ActiveModel::Serializer::Null with Product (0.28ms)
Completed 200 OK in 7ms (Views: 0.8ms | ActiveRecord: 1.0ms | Allocations: 2370)


Started GET "/api/v1/products_of_carts" for 127.0.0.1 at 2022-02-21 21:22:19 -0300
  [1m[35m (1.4ms)[0m  [1m[34mSELECT "schema_migrations"."version" FROM "schema_migrations" ORDER BY "schema_migrations"."version" ASC[0m
Processing by Api::V1::ProductsOfCartsController#index as */*
  [1m[36mProductsOfCart Load (3.7ms)[0m  [1m[34mSELECT "products_of_carts".* FROM "products_of_carts"[0m
  ↳ app/controllers/api/v1/products_of_carts_controller.rb:7:in `index'
No serializer found for resource: #<ProductsOfCart id: 2, product_id: 6, length_product: 1, price_for_product: 4.21, off_for_product: 0.1, created_at: "2022-01-06 19:59:20.754393000 +0000", updated_at: "2022-01-06 19:59:20.754393000 +0000", shopping_cart_id: 4>
[active_model_serializers] Rendered ActiveModel::Serializer::CollectionSerializer with ProductsOfCart::ActiveRecord_Relation (0.52ms)
Completed 200 OK in 24ms (Views: 8.0ms | ActiveRecord: 7.6ms | Allocations: 9838)


Started GET "/api/v1/products_of_carts/1" for 127.0.0.1 at 2022-02-21 21:22:26 -0300
Processing by Api::V1::ProductsOfCartsController#show as */*
  Parameters: {"id"=>"1"}
  [1m[36mProductsOfCart Load (0.4ms)[0m  [1m[34mSELECT "products_of_carts".* FROM "products_of_carts" WHERE "products_of_carts"."id" = $1 LIMIT $2[0m  [["id", 1], ["LIMIT", 1]]
  ↳ app/controllers/api/v1/products_of_carts_controller.rb:49:in `set_products_of_cart'
[active_model_serializers] Rendered ActiveModel::Serializer::Null with ProductsOfCart (0.94ms)
Completed 200 OK in 15ms (Views: 3.4ms | ActiveRecord: 0.5ms | Allocations: 1423)


Started GET "/api/v1/products_of_carts/1" for 127.0.0.1 at 2022-03-05 17:12:32 -0300
  [1m[35m (1.8ms)[0m  [1m[34mSELECT "schema_migrations"."version" FROM "schema_migrations" ORDER BY "schema_migrations"."version" ASC[0m
Processing by Api::V1::ProductsOfCartsController#show as */*
  Parameters: {"id"=>"1"}
  [1m[36mProductsOfCart Load (1.6ms)[0m  [1m[34mSELECT "products_of_carts".* FROM "products_of_carts" WHERE "products_of_carts"."id" = $1 LIMIT $2[0m  [["id", 1], ["LIMIT", 1]]
  ↳ app/controllers/api/v1/products_of_carts_controller.rb:49:in `set_products_of_cart'
[active_model_serializers] Rendered ActiveModel::Serializer::Null with ProductsOfCart (0.32ms)
Completed 200 OK in 28ms (Views: 2.1ms | ActiveRecord: 7.0ms | Allocations: 10067)


Started GET "/api/v1/products_of_carts/122" for 127.0.0.1 at 2022-03-05 17:22:32 -0300
Processing by Api::V1::ProductsOfCartsController#show as */*
  Parameters: {"id"=>"122"}
  [1m[36mProductsOfCart Load (0.2ms)[0m  [1m[34mSELECT "products_of_carts".* FROM "products_of_carts" WHERE "products_of_carts"."id" = $1 LIMIT $2[0m  [["id", 122], ["LIMIT", 1]]
  ↳ app/controllers/api/v1/products_of_carts_controller.rb:49:in `set_products_of_cart'
Completed 500 Internal Server Error in 14ms (ActiveRecord: 4.0ms | Allocations: 5172)


  
NameError (uninitialized constant Api::V1::ProductsOfCartsController::ErrorSerializer):
  
app/controllers/api/v1/products_of_carts_controller.rb:13:in `show'
Started GET "/api/v1/products_of_carts/122" for 127.0.0.1 at 2022-03-05 17:23:43 -0300
Processing by Api::V1::ProductsOfCartsController#show as */*
  Parameters: {"id"=>"122"}
  [1m[36mProductsOfCart Load (0.4ms)[0m  [1m[34mSELECT "products_of_carts".* FROM "products_of_carts" WHERE "products_of_carts"."id" = $1 LIMIT $2[0m  [["id", 122], ["LIMIT", 1]]
  ↳ app/controllers/api/v1/products_of_carts_controller.rb:49:in `set_products_of_cart'
Completed 500 Internal Server Error in 8ms (ActiveRecord: 1.8ms | Allocations: 3382)


  
NameError (uninitialized constant Api::V1::ProductsOfCartsController::ErrorSerializer):
  
app/controllers/api/v1/products_of_carts_controller.rb:13:in `show'
Started GET "/api/v1/products_of_carts/2" for 127.0.0.1 at 2022-03-05 17:23:55 -0300
Processing by Api::V1::ProductsOfCartsController#show as */*
  Parameters: {"id"=>"2"}
  [1m[36mProductsOfCart Load (0.3ms)[0m  [1m[34mSELECT "products_of_carts".* FROM "products_of_carts" WHERE "products_of_carts"."id" = $1 LIMIT $2[0m  [["id", 2], ["LIMIT", 1]]
  ↳ app/controllers/api/v1/products_of_carts_controller.rb:49:in `set_products_of_cart'
[active_model_serializers] Rendered ActiveModel::Serializer::Null with ProductsOfCart (0.22ms)
Completed 200 OK in 12ms (Views: 1.2ms | ActiveRecord: 2.9ms | Allocations: 6118)


Started GET "/api/v1/products_of_carts" for 127.0.0.1 at 2022-03-05 17:24:06 -0300
Processing by Api::V1::ProductsOfCartsController#index as */*
  [1m[36mProductsOfCart Load (0.5ms)[0m  [1m[34mSELECT "products_of_carts".* FROM "products_of_carts"[0m
  ↳ app/controllers/api/v1/products_of_carts_controller.rb:7:in `index'
No serializer found for resource: #<ProductsOfCart id: 2, product_id: 6, length_product: 1, price_for_product: 4.21, off_for_product: 0.1, created_at: "2022-01-06 19:59:20.754393000 +0000", updated_at: "2022-01-06 19:59:20.754393000 +0000", shopping_cart_id: 4>
[active_model_serializers] Rendered ActiveModel::Serializer::CollectionSerializer with ProductsOfCart::ActiveRecord_Relation (0.38ms)
Completed 200 OK in 9ms (Views: 7.3ms | ActiveRecord: 0.5ms | Allocations: 1188)


